{"/opt/lampp/htdocs/codelabs/pzn/node/src/applications/database.js": {"path":"/opt/lampp/htdocs/codelabs/pzn/node/src/applications/database.js","all":false,"statementMap":{"0":{"start":{"line":1,"column":0},"end":{"line":1,"column":46}},"1":{"start":{"line":2,"column":0},"end":{"line":2,"column":38}},"2":{"start":{"line":3,"column":0},"end":{"line":3,"column":0}},"3":{"start":{"line":4,"column":0},"end":{"line":4,"column":46}},"4":{"start":{"line":5,"column":0},"end":{"line":5,"column":8}},"5":{"start":{"line":6,"column":0},"end":{"line":6,"column":5}},"6":{"start":{"line":7,"column":0},"end":{"line":7,"column":20}},"7":{"start":{"line":8,"column":0},"end":{"line":8,"column":21}},"8":{"start":{"line":9,"column":0},"end":{"line":9,"column":6}},"9":{"start":{"line":10,"column":0},"end":{"line":10,"column":5}},"10":{"start":{"line":11,"column":0},"end":{"line":11,"column":21}},"11":{"start":{"line":12,"column":0},"end":{"line":12,"column":21}},"12":{"start":{"line":13,"column":0},"end":{"line":13,"column":6}},"13":{"start":{"line":14,"column":0},"end":{"line":14,"column":5}},"14":{"start":{"line":15,"column":0},"end":{"line":15,"column":21}},"15":{"start":{"line":16,"column":0},"end":{"line":16,"column":20}},"16":{"start":{"line":17,"column":0},"end":{"line":17,"column":6}},"17":{"start":{"line":18,"column":0},"end":{"line":18,"column":5}},"18":{"start":{"line":19,"column":0},"end":{"line":19,"column":21}},"19":{"start":{"line":20,"column":0},"end":{"line":20,"column":20}},"20":{"start":{"line":21,"column":0},"end":{"line":21,"column":6}},"21":{"start":{"line":22,"column":0},"end":{"line":22,"column":4}},"22":{"start":{"line":23,"column":0},"end":{"line":23,"column":3}},"23":{"start":{"line":24,"column":0},"end":{"line":24,"column":0}},"24":{"start":{"line":25,"column":0},"end":{"line":25,"column":34}},"25":{"start":{"line":26,"column":0},"end":{"line":26,"column":18}},"26":{"start":{"line":27,"column":0},"end":{"line":27,"column":3}},"27":{"start":{"line":28,"column":0},"end":{"line":28,"column":0}},"28":{"start":{"line":29,"column":0},"end":{"line":29,"column":33}},"29":{"start":{"line":30,"column":0},"end":{"line":30,"column":17}},"30":{"start":{"line":31,"column":0},"end":{"line":31,"column":3}},"31":{"start":{"line":32,"column":0},"end":{"line":32,"column":0}},"32":{"start":{"line":33,"column":0},"end":{"line":33,"column":33}},"33":{"start":{"line":34,"column":0},"end":{"line":34,"column":17}},"34":{"start":{"line":35,"column":0},"end":{"line":35,"column":3}},"35":{"start":{"line":36,"column":0},"end":{"line":36,"column":0}},"36":{"start":{"line":37,"column":0},"end":{"line":37,"column":34}},"37":{"start":{"line":38,"column":0},"end":{"line":38,"column":17}},"38":{"start":{"line":39,"column":0},"end":{"line":39,"column":3}}},"s":{"0":1,"1":1,"2":1,"3":1,"4":1,"5":1,"6":1,"7":1,"8":1,"9":1,"10":1,"11":1,"12":1,"13":1,"14":1,"15":1,"16":1,"17":1,"18":1,"19":1,"20":1,"21":1,"22":1,"23":1,"24":1,"25":0,"26":1,"27":1,"28":1,"29":0,"30":1,"31":1,"32":1,"33":1,"34":1,"35":1,"36":1,"37":65,"38":1},"branchMap":{"0":{"type":"branch","line":33,"loc":{"start":{"line":33,"column":25},"end":{"line":35,"column":2}},"locations":[{"start":{"line":33,"column":25},"end":{"line":35,"column":2}}]},"1":{"type":"branch","line":37,"loc":{"start":{"line":37,"column":26},"end":{"line":39,"column":2}},"locations":[{"start":{"line":37,"column":26},"end":{"line":39,"column":2}}]}},"b":{"0":[1],"1":[65]},"fnMap":{},"f":{}}
,"/opt/lampp/htdocs/codelabs/pzn/node/src/applications/logging.js": {"path":"/opt/lampp/htdocs/codelabs/pzn/node/src/applications/logging.js","all":false,"statementMap":{"0":{"start":{"line":1,"column":0},"end":{"line":1,"column":30}},"1":{"start":{"line":2,"column":0},"end":{"line":2,"column":0}},"2":{"start":{"line":3,"column":0},"end":{"line":3,"column":45}},"3":{"start":{"line":4,"column":0},"end":{"line":4,"column":16}},"4":{"start":{"line":5,"column":0},"end":{"line":5,"column":32}},"5":{"start":{"line":6,"column":0},"end":{"line":6,"column":15}},"6":{"start":{"line":7,"column":0},"end":{"line":7,"column":39}},"7":{"start":{"line":8,"column":0},"end":{"line":8,"column":4}},"8":{"start":{"line":9,"column":0},"end":{"line":9,"column":2}}},"s":{"0":1,"1":1,"2":1,"3":1,"4":1,"5":1,"6":1,"7":1,"8":1},"branchMap":{},"b":{},"fnMap":{},"f":{}}
,"/opt/lampp/htdocs/codelabs/pzn/node/src/applications/web.js": {"path":"/opt/lampp/htdocs/codelabs/pzn/node/src/applications/web.js","all":false,"statementMap":{"0":{"start":{"line":1,"column":0},"end":{"line":1,"column":30}},"1":{"start":{"line":2,"column":0},"end":{"line":2,"column":55}},"2":{"start":{"line":3,"column":0},"end":{"line":3,"column":68}},"3":{"start":{"line":4,"column":0},"end":{"line":4,"column":46}},"4":{"start":{"line":5,"column":0},"end":{"line":5,"column":0}},"5":{"start":{"line":6,"column":0},"end":{"line":6,"column":29}},"6":{"start":{"line":7,"column":0},"end":{"line":7,"column":24}},"7":{"start":{"line":8,"column":0},"end":{"line":8,"column":22}},"8":{"start":{"line":9,"column":0},"end":{"line":9,"column":20}},"9":{"start":{"line":10,"column":0},"end":{"line":10,"column":0}},"10":{"start":{"line":11,"column":0},"end":{"line":11,"column":25}}},"s":{"0":1,"1":1,"2":1,"3":1,"4":1,"5":1,"6":1,"7":1,"8":1,"9":1,"10":1},"branchMap":{},"b":{},"fnMap":{},"f":{}}
,"/opt/lampp/htdocs/codelabs/pzn/node/src/controllers/user-controller.js": {"path":"/opt/lampp/htdocs/codelabs/pzn/node/src/controllers/user-controller.js","all":false,"statementMap":{"0":{"start":{"line":1,"column":0},"end":{"line":1,"column":54}},"1":{"start":{"line":2,"column":0},"end":{"line":2,"column":0}},"2":{"start":{"line":3,"column":0},"end":{"line":3,"column":42}},"3":{"start":{"line":4,"column":0},"end":{"line":4,"column":7}},"4":{"start":{"line":5,"column":0},"end":{"line":5,"column":56}},"5":{"start":{"line":6,"column":0},"end":{"line":6,"column":26}},"6":{"start":{"line":7,"column":0},"end":{"line":7,"column":19}},"7":{"start":{"line":8,"column":0},"end":{"line":8,"column":7}},"8":{"start":{"line":9,"column":0},"end":{"line":9,"column":15}},"9":{"start":{"line":10,"column":0},"end":{"line":10,"column":12}},"10":{"start":{"line":11,"column":0},"end":{"line":11,"column":3}},"11":{"start":{"line":12,"column":0},"end":{"line":12,"column":1}},"12":{"start":{"line":13,"column":0},"end":{"line":13,"column":0}},"13":{"start":{"line":14,"column":0},"end":{"line":14,"column":39}},"14":{"start":{"line":15,"column":0},"end":{"line":15,"column":7}},"15":{"start":{"line":16,"column":0},"end":{"line":16,"column":53}},"16":{"start":{"line":17,"column":0},"end":{"line":17,"column":26}},"17":{"start":{"line":18,"column":0},"end":{"line":18,"column":19}},"18":{"start":{"line":19,"column":0},"end":{"line":19,"column":7}},"19":{"start":{"line":20,"column":0},"end":{"line":20,"column":15}},"20":{"start":{"line":21,"column":0},"end":{"line":21,"column":12}},"21":{"start":{"line":22,"column":0},"end":{"line":22,"column":3}},"22":{"start":{"line":23,"column":0},"end":{"line":23,"column":1}},"23":{"start":{"line":24,"column":0},"end":{"line":24,"column":0}},"24":{"start":{"line":25,"column":0},"end":{"line":25,"column":37}},"25":{"start":{"line":26,"column":0},"end":{"line":26,"column":7}},"26":{"start":{"line":27,"column":0},"end":{"line":27,"column":39}},"27":{"start":{"line":28,"column":0},"end":{"line":28,"column":51}},"28":{"start":{"line":29,"column":0},"end":{"line":29,"column":26}},"29":{"start":{"line":30,"column":0},"end":{"line":30,"column":19}},"30":{"start":{"line":31,"column":0},"end":{"line":31,"column":7}},"31":{"start":{"line":32,"column":0},"end":{"line":32,"column":15}},"32":{"start":{"line":33,"column":0},"end":{"line":33,"column":12}},"33":{"start":{"line":34,"column":0},"end":{"line":34,"column":3}},"34":{"start":{"line":35,"column":0},"end":{"line":35,"column":1}},"35":{"start":{"line":36,"column":0},"end":{"line":36,"column":0}},"36":{"start":{"line":37,"column":0},"end":{"line":37,"column":15}},"37":{"start":{"line":38,"column":0},"end":{"line":38,"column":11}},"38":{"start":{"line":39,"column":0},"end":{"line":39,"column":8}},"39":{"start":{"line":40,"column":0},"end":{"line":40,"column":6}},"40":{"start":{"line":41,"column":0},"end":{"line":41,"column":1}}},"s":{"0":1,"1":1,"2":1,"3":4,"4":4,"5":2,"6":2,"7":2,"8":2,"9":2,"10":1,"11":1,"12":1,"13":1,"14":5,"15":5,"16":3,"17":3,"18":3,"19":2,"20":2,"21":1,"22":1,"23":1,"24":1,"25":1,"26":1,"27":1,"28":1,"29":1,"30":1,"31":0,"32":0,"33":1,"34":1,"35":1,"36":1,"37":1,"38":1,"39":1,"40":1},"branchMap":{"0":{"type":"branch","line":2,"loc":{"start":{"line":2,"column":-1},"end":{"line":2,"column":0}},"locations":[{"start":{"line":2,"column":-1},"end":{"line":2,"column":0}}]},"1":{"type":"branch","line":3,"loc":{"start":{"line":3,"column":14},"end":{"line":3,"column":17}},"locations":[{"start":{"line":3,"column":14},"end":{"line":3,"column":17}}]},"2":{"type":"branch","line":3,"loc":{"start":{"line":3,"column":17},"end":{"line":10,"column":12}},"locations":[{"start":{"line":3,"column":17},"end":{"line":10,"column":12}}]},"3":{"type":"branch","line":3,"loc":{"start":{"line":3,"column":36},"end":{"line":10,"column":12}},"locations":[{"start":{"line":3,"column":36},"end":{"line":10,"column":12}}]},"4":{"type":"branch","line":3,"loc":{"start":{"line":3,"column":36},"end":{"line":10,"column":12}},"locations":[{"start":{"line":3,"column":36},"end":{"line":10,"column":12}}]},"5":{"type":"branch","line":3,"loc":{"start":{"line":3,"column":36},"end":{"line":5,"column":56}},"locations":[{"start":{"line":3,"column":36},"end":{"line":5,"column":56}}]},"6":{"type":"branch","line":5,"loc":{"start":{"line":5,"column":55},"end":{"line":8,"column":7}},"locations":[{"start":{"line":5,"column":55},"end":{"line":8,"column":7}}]},"7":{"type":"branch","line":9,"loc":{"start":{"line":9,"column":-1},"end":{"line":10,"column":12}},"locations":[{"start":{"line":9,"column":-1},"end":{"line":10,"column":12}}]},"8":{"type":"branch","line":14,"loc":{"start":{"line":14,"column":11},"end":{"line":14,"column":14}},"locations":[{"start":{"line":14,"column":11},"end":{"line":14,"column":14}}]},"9":{"type":"branch","line":14,"loc":{"start":{"line":14,"column":14},"end":{"line":21,"column":12}},"locations":[{"start":{"line":14,"column":14},"end":{"line":21,"column":12}}]},"10":{"type":"branch","line":14,"loc":{"start":{"line":14,"column":33},"end":{"line":21,"column":12}},"locations":[{"start":{"line":14,"column":33},"end":{"line":21,"column":12}}]},"11":{"type":"branch","line":14,"loc":{"start":{"line":14,"column":33},"end":{"line":21,"column":12}},"locations":[{"start":{"line":14,"column":33},"end":{"line":21,"column":12}}]},"12":{"type":"branch","line":14,"loc":{"start":{"line":14,"column":33},"end":{"line":16,"column":53}},"locations":[{"start":{"line":14,"column":33},"end":{"line":16,"column":53}}]},"13":{"type":"branch","line":16,"loc":{"start":{"line":16,"column":52},"end":{"line":19,"column":7}},"locations":[{"start":{"line":16,"column":52},"end":{"line":19,"column":7}}]},"14":{"type":"branch","line":20,"loc":{"start":{"line":20,"column":-1},"end":{"line":21,"column":12}},"locations":[{"start":{"line":20,"column":-1},"end":{"line":21,"column":12}}]},"15":{"type":"branch","line":25,"loc":{"start":{"line":25,"column":9},"end":{"line":25,"column":12}},"locations":[{"start":{"line":25,"column":9},"end":{"line":25,"column":12}}]},"16":{"type":"branch","line":25,"loc":{"start":{"line":25,"column":12},"end":{"line":33,"column":12}},"locations":[{"start":{"line":25,"column":12},"end":{"line":33,"column":12}}]},"17":{"type":"branch","line":25,"loc":{"start":{"line":25,"column":31},"end":{"line":33,"column":12}},"locations":[{"start":{"line":25,"column":31},"end":{"line":33,"column":12}}]},"18":{"type":"branch","line":25,"loc":{"start":{"line":25,"column":31},"end":{"line":33,"column":12}},"locations":[{"start":{"line":25,"column":31},"end":{"line":33,"column":12}}]},"19":{"type":"branch","line":25,"loc":{"start":{"line":25,"column":31},"end":{"line":28,"column":51}},"locations":[{"start":{"line":25,"column":31},"end":{"line":28,"column":51}}]},"20":{"type":"branch","line":28,"loc":{"start":{"line":28,"column":50},"end":{"line":31,"column":7}},"locations":[{"start":{"line":28,"column":50},"end":{"line":31,"column":7}}]},"21":{"type":"branch","line":32,"loc":{"start":{"line":32,"column":-1},"end":{"line":33,"column":12}},"locations":[{"start":{"line":32,"column":-1},"end":{"line":33,"column":12}}]}},"b":{"0":[1],"1":[1],"2":[4],"3":[8],"4":[10],"5":[4],"6":[2],"7":[2],"8":[1],"9":[5],"10":[10],"11":[13],"12":[5],"13":[3],"14":[2],"15":[1],"16":[1],"17":[2],"18":[3],"19":[1],"20":[1],"21":[0]},"fnMap":{"0":{"name":"_regeneratorRuntime","decl":{"start":{"line":2,"column":-1},"end":{"line":2,"column":0}},"loc":{"start":{"line":2,"column":-1},"end":{"line":2,"column":0}},"line":2},"1":{"name":"_callee","decl":{"start":{"line":3,"column":17},"end":{"line":10,"column":12}},"loc":{"start":{"line":3,"column":17},"end":{"line":10,"column":12}},"line":3},"2":{"name":"_callee$","decl":{"start":{"line":3,"column":36},"end":{"line":10,"column":12}},"loc":{"start":{"line":3,"column":36},"end":{"line":10,"column":12}},"line":3},"3":{"name":"_callee2","decl":{"start":{"line":14,"column":14},"end":{"line":21,"column":12}},"loc":{"start":{"line":14,"column":14},"end":{"line":21,"column":12}},"line":14},"4":{"name":"_callee2$","decl":{"start":{"line":14,"column":33},"end":{"line":21,"column":12}},"loc":{"start":{"line":14,"column":33},"end":{"line":21,"column":12}},"line":14},"5":{"name":"_callee3","decl":{"start":{"line":25,"column":12},"end":{"line":33,"column":12}},"loc":{"start":{"line":25,"column":12},"end":{"line":33,"column":12}},"line":25},"6":{"name":"_callee3$","decl":{"start":{"line":25,"column":31},"end":{"line":33,"column":12}},"loc":{"start":{"line":25,"column":31},"end":{"line":33,"column":12}},"line":25}},"f":{"0":1,"1":4,"2":8,"3":5,"4":10,"5":1,"6":2}}
,"/opt/lampp/htdocs/codelabs/pzn/node/src/errors/response-error.js": {"path":"/opt/lampp/htdocs/codelabs/pzn/node/src/errors/response-error.js","all":false,"statementMap":{"0":{"start":{"line":1,"column":0},"end":{"line":1,"column":34}},"1":{"start":{"line":2,"column":0},"end":{"line":2,"column":30}},"2":{"start":{"line":3,"column":0},"end":{"line":3,"column":19}},"3":{"start":{"line":4,"column":0},"end":{"line":4,"column":25}},"4":{"start":{"line":5,"column":0},"end":{"line":5,"column":3}},"5":{"start":{"line":6,"column":0},"end":{"line":6,"column":1}},"6":{"start":{"line":7,"column":0},"end":{"line":7,"column":0}},"7":{"start":{"line":8,"column":0},"end":{"line":8,"column":8}},"8":{"start":{"line":9,"column":0},"end":{"line":9,"column":16}},"9":{"start":{"line":10,"column":0},"end":{"line":10,"column":1}}},"s":{"0":1,"1":2,"2":5,"3":5,"4":5,"5":1,"6":1,"7":1,"8":1,"9":1},"branchMap":{"0":{"type":"branch","line":1,"loc":{"start":{"line":1,"column":19},"end":{"line":5,"column":3}},"locations":[{"start":{"line":1,"column":19},"end":{"line":5,"column":3}}]},"1":{"type":"branch","line":2,"loc":{"start":{"line":2,"column":2},"end":{"line":5,"column":3}},"locations":[{"start":{"line":2,"column":2},"end":{"line":5,"column":3}}]}},"b":{"0":[2],"1":[5]},"fnMap":{"0":{"name":"ResponseError","decl":{"start":{"line":2,"column":2},"end":{"line":5,"column":3}},"loc":{"start":{"line":2,"column":2},"end":{"line":5,"column":3}},"line":2}},"f":{"0":5}}
,"/opt/lampp/htdocs/codelabs/pzn/node/src/middleware/auth-middleware.js": {"path":"/opt/lampp/htdocs/codelabs/pzn/node/src/middleware/auth-middleware.js","all":false,"statementMap":{"0":{"start":{"line":1,"column":0},"end":{"line":1,"column":56}},"1":{"start":{"line":2,"column":0},"end":{"line":2,"column":0}},"2":{"start":{"line":3,"column":0},"end":{"line":3,"column":55}},"3":{"start":{"line":4,"column":0},"end":{"line":4,"column":41}},"4":{"start":{"line":5,"column":0},"end":{"line":5,"column":13}},"5":{"start":{"line":6,"column":0},"end":{"line":6,"column":33}},"6":{"start":{"line":7,"column":0},"end":{"line":7,"column":28}},"7":{"start":{"line":8,"column":0},"end":{"line":8,"column":13}},"8":{"start":{"line":9,"column":0},"end":{"line":9,"column":8}},"9":{"start":{"line":10,"column":0},"end":{"line":10,"column":52}},"10":{"start":{"line":11,"column":0},"end":{"line":11,"column":14}},"11":{"start":{"line":12,"column":0},"end":{"line":12,"column":21}},"12":{"start":{"line":13,"column":0},"end":{"line":13,"column":7}},"13":{"start":{"line":14,"column":0},"end":{"line":14,"column":7}},"14":{"start":{"line":15,"column":0},"end":{"line":15,"column":0}},"15":{"start":{"line":16,"column":0},"end":{"line":16,"column":14}},"16":{"start":{"line":17,"column":0},"end":{"line":17,"column":35}},"17":{"start":{"line":18,"column":0},"end":{"line":18,"column":30}},"18":{"start":{"line":19,"column":0},"end":{"line":19,"column":15}},"19":{"start":{"line":20,"column":0},"end":{"line":20,"column":5}},"20":{"start":{"line":21,"column":0},"end":{"line":21,"column":0}},"21":{"start":{"line":22,"column":0},"end":{"line":22,"column":20}},"22":{"start":{"line":23,"column":0},"end":{"line":23,"column":11}},"23":{"start":{"line":24,"column":0},"end":{"line":24,"column":3}},"24":{"start":{"line":25,"column":0},"end":{"line":25,"column":1}}},"s":{"0":1,"1":1,"2":1,"3":3,"4":3,"5":1,"6":1,"7":1,"8":2,"9":2,"10":2,"11":2,"12":2,"13":2,"14":2,"15":2,"16":1,"17":1,"18":1,"19":1,"20":1,"21":1,"22":1,"23":1,"24":1},"branchMap":{"0":{"type":"branch","line":2,"loc":{"start":{"line":2,"column":-1},"end":{"line":2,"column":0}},"locations":[{"start":{"line":2,"column":-1},"end":{"line":2,"column":0}}]},"1":{"type":"branch","line":3,"loc":{"start":{"line":3,"column":27},"end":{"line":3,"column":30}},"locations":[{"start":{"line":3,"column":27},"end":{"line":3,"column":30}}]},"2":{"type":"branch","line":3,"loc":{"start":{"line":3,"column":30},"end":{"line":23,"column":11}},"locations":[{"start":{"line":3,"column":30},"end":{"line":23,"column":11}}]},"3":{"type":"branch","line":3,"loc":{"start":{"line":3,"column":49},"end":{"line":23,"column":11}},"locations":[{"start":{"line":3,"column":49},"end":{"line":23,"column":11}}]},"4":{"type":"branch","line":3,"loc":{"start":{"line":3,"column":49},"end":{"line":23,"column":11}},"locations":[{"start":{"line":3,"column":49},"end":{"line":23,"column":11}}]},"5":{"type":"branch","line":3,"loc":{"start":{"line":3,"column":49},"end":{"line":8,"column":13}},"locations":[{"start":{"line":3,"column":49},"end":{"line":8,"column":13}}]},"6":{"type":"branch","line":5,"loc":{"start":{"line":5,"column":11},"end":{"line":5,"column":13}},"locations":[{"start":{"line":5,"column":11},"end":{"line":5,"column":13}}]},"7":{"type":"branch","line":5,"loc":{"start":{"line":5,"column":11},"end":{"line":8,"column":13}},"locations":[{"start":{"line":5,"column":11},"end":{"line":8,"column":13}}]},"8":{"type":"branch","line":8,"loc":{"start":{"line":8,"column":12},"end":{"line":14,"column":7}},"locations":[{"start":{"line":8,"column":12},"end":{"line":14,"column":7}}]},"9":{"type":"branch","line":14,"loc":{"start":{"line":14,"column":6},"end":{"line":19,"column":15}},"locations":[{"start":{"line":14,"column":6},"end":{"line":19,"column":15}}]},"10":{"type":"branch","line":16,"loc":{"start":{"line":16,"column":12},"end":{"line":19,"column":15}},"locations":[{"start":{"line":16,"column":12},"end":{"line":19,"column":15}}]},"11":{"type":"branch","line":19,"loc":{"start":{"line":19,"column":14},"end":{"line":23,"column":11}},"locations":[{"start":{"line":19,"column":14},"end":{"line":23,"column":11}}]}},"b":{"0":[1],"1":[1],"2":[3],"3":[7],"4":[10],"5":[3],"6":[2],"7":[1],"8":[2],"9":[2],"10":[1],"11":[1]},"fnMap":{"0":{"name":"_regeneratorRuntime","decl":{"start":{"line":2,"column":-1},"end":{"line":2,"column":0}},"loc":{"start":{"line":2,"column":-1},"end":{"line":2,"column":0}},"line":2},"1":{"name":"_callee","decl":{"start":{"line":3,"column":30},"end":{"line":23,"column":11}},"loc":{"start":{"line":3,"column":30},"end":{"line":23,"column":11}},"line":3},"2":{"name":"_callee$","decl":{"start":{"line":3,"column":49},"end":{"line":23,"column":11}},"loc":{"start":{"line":3,"column":49},"end":{"line":23,"column":11}},"line":3}},"f":{"0":1,"1":3,"2":7}}
,"/opt/lampp/htdocs/codelabs/pzn/node/src/middleware/error-middleware.js": {"path":"/opt/lampp/htdocs/codelabs/pzn/node/src/middleware/error-middleware.js","all":false,"statementMap":{"0":{"start":{"line":1,"column":0},"end":{"line":1,"column":60}},"1":{"start":{"line":2,"column":0},"end":{"line":2,"column":0}},"2":{"start":{"line":3,"column":0},"end":{"line":3,"column":47}},"3":{"start":{"line":4,"column":0},"end":{"line":4,"column":10}},"4":{"start":{"line":5,"column":0},"end":{"line":5,"column":37}},"5":{"start":{"line":6,"column":0},"end":{"line":6,"column":42}},"6":{"start":{"line":7,"column":0},"end":{"line":7,"column":28}},"7":{"start":{"line":8,"column":0},"end":{"line":8,"column":15}},"8":{"start":{"line":9,"column":0},"end":{"line":9,"column":10}},"9":{"start":{"line":10,"column":0},"end":{"line":10,"column":35}},"10":{"start":{"line":11,"column":0},"end":{"line":11,"column":28}},"11":{"start":{"line":12,"column":0},"end":{"line":12,"column":15}},"12":{"start":{"line":13,"column":0},"end":{"line":13,"column":5}},"13":{"start":{"line":14,"column":0},"end":{"line":14,"column":3}},"14":{"start":{"line":15,"column":0},"end":{"line":15,"column":0}},"15":{"start":{"line":16,"column":0},"end":{"line":16,"column":9}},"16":{"start":{"line":17,"column":0},"end":{"line":17,"column":1}},"17":{"start":{"line":18,"column":0},"end":{"line":18,"column":0}},"18":{"start":{"line":19,"column":0},"end":{"line":19,"column":8}},"19":{"start":{"line":20,"column":0},"end":{"line":20,"column":18}},"20":{"start":{"line":21,"column":0},"end":{"line":21,"column":1}}},"s":{"0":1,"1":1,"2":1,"3":7,"4":6,"5":5,"6":5,"7":5,"8":5,"9":1,"10":1,"11":1,"12":1,"13":6,"14":1,"15":1,"16":1,"17":1,"18":1,"19":1,"20":1},"branchMap":{"0":{"type":"branch","line":3,"loc":{"start":{"line":3,"column":24},"end":{"line":17,"column":1}},"locations":[{"start":{"line":3,"column":24},"end":{"line":17,"column":1}}]},"1":{"type":"branch","line":4,"loc":{"start":{"line":4,"column":9},"end":{"line":14,"column":3}},"locations":[{"start":{"line":4,"column":9},"end":{"line":14,"column":3}}]},"2":{"type":"branch","line":5,"loc":{"start":{"line":5,"column":36},"end":{"line":13,"column":5}},"locations":[{"start":{"line":5,"column":36},"end":{"line":13,"column":5}}]},"3":{"type":"branch","line":9,"loc":{"start":{"line":9,"column":5},"end":{"line":13,"column":5}},"locations":[{"start":{"line":9,"column":5},"end":{"line":13,"column":5}}]},"4":{"type":"branch","line":14,"loc":{"start":{"line":14,"column":2},"end":{"line":17,"column":1}},"locations":[{"start":{"line":14,"column":2},"end":{"line":17,"column":1}}]}},"b":{"0":[7],"1":[6],"2":[5],"3":[1],"4":[1]},"fnMap":{"0":{"name":"errorMiddleware","decl":{"start":{"line":3,"column":24},"end":{"line":17,"column":1}},"loc":{"start":{"line":3,"column":24},"end":{"line":17,"column":1}},"line":3}},"f":{"0":7}}
,"/opt/lampp/htdocs/codelabs/pzn/node/src/routes/api.js": {"path":"/opt/lampp/htdocs/codelabs/pzn/node/src/routes/api.js","all":false,"statementMap":{"0":{"start":{"line":1,"column":0},"end":{"line":1,"column":30}},"1":{"start":{"line":2,"column":0},"end":{"line":2,"column":63}},"2":{"start":{"line":3,"column":0},"end":{"line":3,"column":66}},"3":{"start":{"line":4,"column":0},"end":{"line":4,"column":0}},"4":{"start":{"line":5,"column":0},"end":{"line":5,"column":36}},"5":{"start":{"line":6,"column":0},"end":{"line":6,"column":31}},"6":{"start":{"line":7,"column":0},"end":{"line":7,"column":57}},"7":{"start":{"line":8,"column":0},"end":{"line":8,"column":0}},"8":{"start":{"line":9,"column":0},"end":{"line":9,"column":8}},"9":{"start":{"line":10,"column":0},"end":{"line":10,"column":13}},"10":{"start":{"line":11,"column":0},"end":{"line":11,"column":1}}},"s":{"0":1,"1":1,"2":1,"3":1,"4":1,"5":1,"6":1,"7":1,"8":1,"9":1,"10":1},"branchMap":{},"b":{},"fnMap":{},"f":{}}
,"/opt/lampp/htdocs/codelabs/pzn/node/src/routes/public-api.js": {"path":"/opt/lampp/htdocs/codelabs/pzn/node/src/routes/public-api.js","all":false,"statementMap":{"0":{"start":{"line":1,"column":0},"end":{"line":1,"column":30}},"1":{"start":{"line":2,"column":0},"end":{"line":2,"column":63}},"2":{"start":{"line":3,"column":0},"end":{"line":3,"column":0}},"3":{"start":{"line":4,"column":0},"end":{"line":4,"column":38}},"4":{"start":{"line":5,"column":0},"end":{"line":5,"column":57}},"5":{"start":{"line":6,"column":0},"end":{"line":6,"column":60}},"6":{"start":{"line":7,"column":0},"end":{"line":7,"column":0}},"7":{"start":{"line":8,"column":0},"end":{"line":8,"column":8}},"8":{"start":{"line":9,"column":0},"end":{"line":9,"column":15}},"9":{"start":{"line":10,"column":0},"end":{"line":10,"column":1}}},"s":{"0":1,"1":1,"2":1,"3":1,"4":1,"5":1,"6":1,"7":1,"8":1,"9":1},"branchMap":{},"b":{},"fnMap":{},"f":{}}
,"/opt/lampp/htdocs/codelabs/pzn/node/src/services/user-service.js": {"path":"/opt/lampp/htdocs/codelabs/pzn/node/src/services/user-service.js","all":false,"statementMap":{"0":{"start":{"line":1,"column":0},"end":{"line":1,"column":28}},"1":{"start":{"line":2,"column":0},"end":{"line":2,"column":59}},"2":{"start":{"line":3,"column":0},"end":{"line":3,"column":56}},"3":{"start":{"line":4,"column":0},"end":{"line":4,"column":60}},"4":{"start":{"line":5,"column":0},"end":{"line":5,"column":115}},"5":{"start":{"line":6,"column":0},"end":{"line":6,"column":34}},"6":{"start":{"line":7,"column":0},"end":{"line":7,"column":0}},"7":{"start":{"line":8,"column":0},"end":{"line":8,"column":33}},"8":{"start":{"line":9,"column":0},"end":{"line":9,"column":53}},"9":{"start":{"line":10,"column":0},"end":{"line":10,"column":51}},"10":{"start":{"line":11,"column":0},"end":{"line":11,"column":12}},"11":{"start":{"line":12,"column":0},"end":{"line":12,"column":30}},"12":{"start":{"line":13,"column":0},"end":{"line":13,"column":6}},"13":{"start":{"line":14,"column":0},"end":{"line":14,"column":5}},"14":{"start":{"line":15,"column":0},"end":{"line":15,"column":0}},"15":{"start":{"line":16,"column":0},"end":{"line":16,"column":20}},"16":{"start":{"line":17,"column":0},"end":{"line":17,"column":56}},"17":{"start":{"line":18,"column":0},"end":{"line":18,"column":3}},"18":{"start":{"line":19,"column":0},"end":{"line":19,"column":0}},"19":{"start":{"line":20,"column":0},"end":{"line":20,"column":55}},"20":{"start":{"line":21,"column":0},"end":{"line":21,"column":0}},"21":{"start":{"line":22,"column":0},"end":{"line":22,"column":35}},"22":{"start":{"line":23,"column":0},"end":{"line":23,"column":15}},"23":{"start":{"line":24,"column":0},"end":{"line":24,"column":13}},"24":{"start":{"line":25,"column":0},"end":{"line":25,"column":21}},"25":{"start":{"line":26,"column":0},"end":{"line":26,"column":17}},"26":{"start":{"line":27,"column":0},"end":{"line":27,"column":5}},"27":{"start":{"line":28,"column":0},"end":{"line":28,"column":5}},"28":{"start":{"line":29,"column":0},"end":{"line":29,"column":1}},"29":{"start":{"line":30,"column":0},"end":{"line":30,"column":0}},"30":{"start":{"line":31,"column":0},"end":{"line":31,"column":30}},"31":{"start":{"line":32,"column":0},"end":{"line":32,"column":57}},"32":{"start":{"line":33,"column":0},"end":{"line":33,"column":51}},"33":{"start":{"line":34,"column":0},"end":{"line":34,"column":12}},"34":{"start":{"line":35,"column":0},"end":{"line":35,"column":38}},"35":{"start":{"line":36,"column":0},"end":{"line":36,"column":6}},"36":{"start":{"line":37,"column":0},"end":{"line":37,"column":13}},"37":{"start":{"line":38,"column":0},"end":{"line":38,"column":21}},"38":{"start":{"line":39,"column":0},"end":{"line":39,"column":21}},"39":{"start":{"line":40,"column":0},"end":{"line":40,"column":5}},"40":{"start":{"line":41,"column":0},"end":{"line":41,"column":5}},"41":{"start":{"line":42,"column":0},"end":{"line":42,"column":85}},"42":{"start":{"line":43,"column":0},"end":{"line":43,"column":0}},"43":{"start":{"line":44,"column":0},"end":{"line":44,"column":32}},"44":{"start":{"line":45,"column":0},"end":{"line":45,"column":63}},"45":{"start":{"line":46,"column":0},"end":{"line":46,"column":3}},"46":{"start":{"line":47,"column":0},"end":{"line":47,"column":0}},"47":{"start":{"line":48,"column":0},"end":{"line":48,"column":34}},"48":{"start":{"line":49,"column":0},"end":{"line":49,"column":41}},"49":{"start":{"line":50,"column":0},"end":{"line":50,"column":12}},"50":{"start":{"line":51,"column":0},"end":{"line":51,"column":29}},"51":{"start":{"line":52,"column":0},"end":{"line":52,"column":6}},"52":{"start":{"line":53,"column":0},"end":{"line":53,"column":11}},"53":{"start":{"line":54,"column":0},"end":{"line":54,"column":19}},"54":{"start":{"line":55,"column":0},"end":{"line":55,"column":6}},"55":{"start":{"line":56,"column":0},"end":{"line":56,"column":13}},"56":{"start":{"line":57,"column":0},"end":{"line":57,"column":17}},"57":{"start":{"line":58,"column":0},"end":{"line":58,"column":5}},"58":{"start":{"line":59,"column":0},"end":{"line":59,"column":5}},"59":{"start":{"line":60,"column":0},"end":{"line":60,"column":1}},"60":{"start":{"line":61,"column":0},"end":{"line":61,"column":0}},"61":{"start":{"line":62,"column":0},"end":{"line":62,"column":33}},"62":{"start":{"line":63,"column":0},"end":{"line":63,"column":50}},"63":{"start":{"line":64,"column":0},"end":{"line":64,"column":39}},"64":{"start":{"line":65,"column":0},"end":{"line":65,"column":12}},"65":{"start":{"line":66,"column":0},"end":{"line":66,"column":24}},"66":{"start":{"line":67,"column":0},"end":{"line":67,"column":5}},"67":{"start":{"line":68,"column":0},"end":{"line":68,"column":5}},"68":{"start":{"line":69,"column":0},"end":{"line":69,"column":1}},"69":{"start":{"line":70,"column":0},"end":{"line":70,"column":0}},"70":{"start":{"line":71,"column":0},"end":{"line":71,"column":16}},"71":{"start":{"line":72,"column":0},"end":{"line":72,"column":11}},"72":{"start":{"line":73,"column":0},"end":{"line":73,"column":8}},"73":{"start":{"line":74,"column":0},"end":{"line":74,"column":6}},"74":{"start":{"line":75,"column":0},"end":{"line":75,"column":1}}},"s":{"0":1,"1":0,"2":1,"3":1,"4":1,"5":1,"6":1,"7":1,"8":4,"9":4,"10":4,"11":4,"12":4,"13":4,"14":3,"15":3,"16":1,"17":2,"18":2,"19":2,"20":2,"21":2,"22":2,"23":2,"24":2,"25":2,"26":2,"27":2,"28":1,"29":1,"30":1,"31":5,"32":5,"33":5,"34":5,"35":5,"36":5,"37":5,"38":5,"39":5,"40":5,"41":4,"42":4,"43":4,"44":1,"45":3,"46":3,"47":3,"48":3,"49":3,"50":3,"51":3,"52":3,"53":3,"54":3,"55":3,"56":3,"57":3,"58":3,"59":1,"60":1,"61":1,"62":1,"63":1,"64":1,"65":1,"66":1,"67":1,"68":1,"69":1,"70":1,"71":1,"72":1,"73":1,"74":1},"branchMap":{"0":{"type":"branch","line":2,"loc":{"start":{"line":2,"column":0},"end":{"line":2,"column":59}},"locations":[{"start":{"line":2,"column":0},"end":{"line":2,"column":59}}]},"1":{"type":"branch","line":2,"loc":{"start":{"line":2,"column":0},"end":{"line":2,"column":59}},"locations":[{"start":{"line":2,"column":0},"end":{"line":2,"column":59}}]},"2":{"type":"branch","line":2,"loc":{"start":{"line":2,"column":0},"end":{"line":2,"column":59}},"locations":[{"start":{"line":2,"column":0},"end":{"line":2,"column":59}}]},"3":{"type":"branch","line":2,"loc":{"start":{"line":2,"column":0},"end":{"line":2,"column":59}},"locations":[{"start":{"line":2,"column":0},"end":{"line":2,"column":59}}]},"4":{"type":"branch","line":2,"loc":{"start":{"line":2,"column":0},"end":{"line":2,"column":59}},"locations":[{"start":{"line":2,"column":0},"end":{"line":2,"column":59}}]},"5":{"type":"branch","line":2,"loc":{"start":{"line":2,"column":0},"end":{"line":2,"column":59}},"locations":[{"start":{"line":2,"column":0},"end":{"line":2,"column":59}}]},"6":{"type":"branch","line":2,"loc":{"start":{"line":2,"column":0},"end":{"line":2,"column":59}},"locations":[{"start":{"line":2,"column":0},"end":{"line":2,"column":59}}]},"7":{"type":"branch","line":2,"loc":{"start":{"line":2,"column":0},"end":{"line":2,"column":59}},"locations":[{"start":{"line":2,"column":0},"end":{"line":2,"column":59}}]},"8":{"type":"branch","line":2,"loc":{"start":{"line":2,"column":0},"end":{"line":2,"column":59}},"locations":[{"start":{"line":2,"column":0},"end":{"line":2,"column":59}}]},"9":{"type":"branch","line":8,"loc":{"start":{"line":8,"column":14},"end":{"line":8,"column":17}},"locations":[{"start":{"line":8,"column":14},"end":{"line":8,"column":17}}]},"10":{"type":"branch","line":8,"loc":{"start":{"line":8,"column":17},"end":{"line":28,"column":5}},"locations":[{"start":{"line":8,"column":17},"end":{"line":28,"column":5}}]},"11":{"type":"branch","line":8,"loc":{"start":{"line":8,"column":27},"end":{"line":28,"column":5}},"locations":[{"start":{"line":8,"column":27},"end":{"line":28,"column":5}}]},"12":{"type":"branch","line":8,"loc":{"start":{"line":8,"column":27},"end":{"line":28,"column":5}},"locations":[{"start":{"line":8,"column":27},"end":{"line":28,"column":5}}]},"13":{"type":"branch","line":8,"loc":{"start":{"line":8,"column":27},"end":{"line":14,"column":5}},"locations":[{"start":{"line":8,"column":27},"end":{"line":14,"column":5}}]},"14":{"type":"branch","line":14,"loc":{"start":{"line":14,"column":4},"end":{"line":17,"column":56}},"locations":[{"start":{"line":14,"column":4},"end":{"line":17,"column":56}}]},"15":{"type":"branch","line":16,"loc":{"start":{"line":16,"column":18},"end":{"line":16,"column":20}},"locations":[{"start":{"line":16,"column":18},"end":{"line":16,"column":20}}]},"16":{"type":"branch","line":16,"loc":{"start":{"line":16,"column":18},"end":{"line":17,"column":56}},"locations":[{"start":{"line":16,"column":18},"end":{"line":17,"column":56}}]},"17":{"type":"branch","line":17,"loc":{"start":{"line":17,"column":55},"end":{"line":20,"column":55}},"locations":[{"start":{"line":17,"column":55},"end":{"line":20,"column":55}}]},"18":{"type":"branch","line":20,"loc":{"start":{"line":20,"column":54},"end":{"line":28,"column":5}},"locations":[{"start":{"line":20,"column":54},"end":{"line":28,"column":5}}]},"19":{"type":"branch","line":28,"loc":{"start":{"line":28,"column":4},"end":{"line":28,"column":5}},"locations":[{"start":{"line":28,"column":4},"end":{"line":28,"column":5}}]},"20":{"type":"branch","line":28,"loc":{"start":{"line":28,"column":4},"end":{"line":28,"column":5}},"locations":[{"start":{"line":28,"column":4},"end":{"line":28,"column":5}}]},"21":{"type":"branch","line":31,"loc":{"start":{"line":31,"column":11},"end":{"line":31,"column":14}},"locations":[{"start":{"line":31,"column":11},"end":{"line":31,"column":14}}]},"22":{"type":"branch","line":31,"loc":{"start":{"line":31,"column":14},"end":{"line":59,"column":5}},"locations":[{"start":{"line":31,"column":14},"end":{"line":59,"column":5}}]},"23":{"type":"branch","line":31,"loc":{"start":{"line":31,"column":24},"end":{"line":59,"column":5}},"locations":[{"start":{"line":31,"column":24},"end":{"line":59,"column":5}}]},"24":{"type":"branch","line":31,"loc":{"start":{"line":31,"column":24},"end":{"line":59,"column":5}},"locations":[{"start":{"line":31,"column":24},"end":{"line":59,"column":5}}]},"25":{"type":"branch","line":31,"loc":{"start":{"line":31,"column":24},"end":{"line":41,"column":5}},"locations":[{"start":{"line":31,"column":24},"end":{"line":41,"column":5}}]},"26":{"type":"branch","line":41,"loc":{"start":{"line":41,"column":4},"end":{"line":42,"column":85}},"locations":[{"start":{"line":41,"column":4},"end":{"line":42,"column":85}}]},"27":{"type":"branch","line":42,"loc":{"start":{"line":42,"column":84},"end":{"line":45,"column":63}},"locations":[{"start":{"line":42,"column":84},"end":{"line":45,"column":63}}]},"28":{"type":"branch","line":44,"loc":{"start":{"line":44,"column":30},"end":{"line":44,"column":32}},"locations":[{"start":{"line":44,"column":30},"end":{"line":44,"column":32}}]},"29":{"type":"branch","line":44,"loc":{"start":{"line":44,"column":30},"end":{"line":45,"column":63}},"locations":[{"start":{"line":44,"column":30},"end":{"line":45,"column":63}}]},"30":{"type":"branch","line":45,"loc":{"start":{"line":45,"column":62},"end":{"line":59,"column":5}},"locations":[{"start":{"line":45,"column":62},"end":{"line":59,"column":5}}]},"31":{"type":"branch","line":59,"loc":{"start":{"line":59,"column":4},"end":{"line":59,"column":5}},"locations":[{"start":{"line":59,"column":4},"end":{"line":59,"column":5}}]},"32":{"type":"branch","line":59,"loc":{"start":{"line":59,"column":4},"end":{"line":59,"column":5}},"locations":[{"start":{"line":59,"column":4},"end":{"line":59,"column":5}}]},"33":{"type":"branch","line":59,"loc":{"start":{"line":59,"column":4},"end":{"line":59,"column":5}},"locations":[{"start":{"line":59,"column":4},"end":{"line":59,"column":5}}]},"34":{"type":"branch","line":62,"loc":{"start":{"line":62,"column":9},"end":{"line":62,"column":12}},"locations":[{"start":{"line":62,"column":9},"end":{"line":62,"column":12}}]},"35":{"type":"branch","line":62,"loc":{"start":{"line":62,"column":12},"end":{"line":68,"column":5}},"locations":[{"start":{"line":62,"column":12},"end":{"line":68,"column":5}}]},"36":{"type":"branch","line":62,"loc":{"start":{"line":62,"column":27},"end":{"line":68,"column":5}},"locations":[{"start":{"line":62,"column":27},"end":{"line":68,"column":5}}]},"37":{"type":"branch","line":62,"loc":{"start":{"line":62,"column":27},"end":{"line":68,"column":5}},"locations":[{"start":{"line":62,"column":27},"end":{"line":68,"column":5}}]},"38":{"type":"branch","line":68,"loc":{"start":{"line":68,"column":4},"end":{"line":68,"column":5}},"locations":[{"start":{"line":68,"column":4},"end":{"line":68,"column":5}}]},"39":{"type":"branch","line":68,"loc":{"start":{"line":68,"column":4},"end":{"line":68,"column":5}},"locations":[{"start":{"line":68,"column":4},"end":{"line":68,"column":5}}]}},"b":{"0":[26],"1":[4],"2":[22],"3":[6],"4":[16],"5":[3],"6":[10],"7":[10],"8":[26],"9":[1],"10":[4],"11":[13],"12":[15],"13":[4],"14":[3],"15":[2],"16":[1],"17":[2],"18":[2],"19":[0],"20":[4],"21":[1],"22":[5],"23":[21],"24":[24],"25":[5],"26":[4],"27":[4],"28":[3],"29":[1],"30":[3],"31":[3],"32":[0],"33":[5],"34":[1],"35":[1],"36":[2],"37":[1],"38":[0],"39":[1]},"fnMap":{"0":{"name":"asyncGeneratorStep","decl":{"start":{"line":2,"column":0},"end":{"line":2,"column":59}},"loc":{"start":{"line":2,"column":0},"end":{"line":2,"column":59}},"line":2},"1":{"name":"_asyncToGenerator","decl":{"start":{"line":2,"column":0},"end":{"line":2,"column":59}},"loc":{"start":{"line":2,"column":0},"end":{"line":2,"column":59}},"line":2},"2":{"name":"_next","decl":{"start":{"line":2,"column":0},"end":{"line":2,"column":59}},"loc":{"start":{"line":2,"column":0},"end":{"line":2,"column":59}},"line":2},"3":{"name":"_throw","decl":{"start":{"line":2,"column":0},"end":{"line":2,"column":59}},"loc":{"start":{"line":2,"column":0},"end":{"line":2,"column":59}},"line":2},"4":{"name":"_callee","decl":{"start":{"line":8,"column":17},"end":{"line":28,"column":5}},"loc":{"start":{"line":8,"column":17},"end":{"line":28,"column":5}},"line":8},"5":{"name":"_callee$","decl":{"start":{"line":8,"column":27},"end":{"line":28,"column":5}},"loc":{"start":{"line":8,"column":27},"end":{"line":28,"column":5}},"line":8},"6":{"name":"_callee2","decl":{"start":{"line":31,"column":14},"end":{"line":59,"column":5}},"loc":{"start":{"line":31,"column":14},"end":{"line":59,"column":5}},"line":31},"7":{"name":"_callee2$","decl":{"start":{"line":31,"column":24},"end":{"line":59,"column":5}},"loc":{"start":{"line":31,"column":24},"end":{"line":59,"column":5}},"line":31},"8":{"name":"_callee3","decl":{"start":{"line":62,"column":12},"end":{"line":68,"column":5}},"loc":{"start":{"line":62,"column":12},"end":{"line":68,"column":5}},"line":62},"9":{"name":"_callee3$","decl":{"start":{"line":62,"column":27},"end":{"line":68,"column":5}},"loc":{"start":{"line":62,"column":27},"end":{"line":68,"column":5}},"line":62}},"f":{"0":26,"1":3,"2":26,"3":0,"4":4,"5":13,"6":5,"7":21,"8":1,"9":2}}
,"/opt/lampp/htdocs/codelabs/pzn/node/src/validations/user-validation.js": {"path":"/opt/lampp/htdocs/codelabs/pzn/node/src/validations/user-validation.js","all":false,"statementMap":{"0":{"start":{"line":1,"column":0},"end":{"line":1,"column":22}},"1":{"start":{"line":2,"column":0},"end":{"line":2,"column":0}},"2":{"start":{"line":3,"column":0},"end":{"line":3,"column":43}},"3":{"start":{"line":4,"column":0},"end":{"line":4,"column":45}},"4":{"start":{"line":5,"column":0},"end":{"line":5,"column":45}},"5":{"start":{"line":6,"column":0},"end":{"line":6,"column":41}},"6":{"start":{"line":7,"column":0},"end":{"line":7,"column":3}},"7":{"start":{"line":8,"column":0},"end":{"line":8,"column":0}},"8":{"start":{"line":9,"column":0},"end":{"line":9,"column":40}},"9":{"start":{"line":10,"column":0},"end":{"line":10,"column":45}},"10":{"start":{"line":11,"column":0},"end":{"line":11,"column":45}},"11":{"start":{"line":12,"column":0},"end":{"line":12,"column":3}},"12":{"start":{"line":13,"column":0},"end":{"line":13,"column":0}},"13":{"start":{"line":14,"column":0},"end":{"line":14,"column":59}},"14":{"start":{"line":15,"column":0},"end":{"line":15,"column":0}},"15":{"start":{"line":16,"column":0},"end":{"line":16,"column":8}},"16":{"start":{"line":17,"column":0},"end":{"line":17,"column":25}},"17":{"start":{"line":18,"column":0},"end":{"line":18,"column":22}},"18":{"start":{"line":19,"column":0},"end":{"line":19,"column":20}},"19":{"start":{"line":20,"column":0},"end":{"line":20,"column":1}}},"s":{"0":1,"1":1,"2":1,"3":1,"4":1,"5":1,"6":1,"7":1,"8":1,"9":1,"10":1,"11":1,"12":1,"13":1,"14":1,"15":1,"16":1,"17":1,"18":1,"19":1},"branchMap":{},"b":{},"fnMap":{},"f":{}}
,"/opt/lampp/htdocs/codelabs/pzn/node/src/validations/validation.js": {"path":"/opt/lampp/htdocs/codelabs/pzn/node/src/validations/validation.js","all":false,"statementMap":{"0":{"start":{"line":1,"column":0},"end":{"line":1,"column":60}},"1":{"start":{"line":2,"column":0},"end":{"line":2,"column":0}},"2":{"start":{"line":3,"column":0},"end":{"line":3,"column":35}},"3":{"start":{"line":4,"column":0},"end":{"line":4,"column":39}},"4":{"start":{"line":5,"column":0},"end":{"line":5,"column":22}},"5":{"start":{"line":6,"column":0},"end":{"line":6,"column":24}},"6":{"start":{"line":7,"column":0},"end":{"line":7,"column":5}},"7":{"start":{"line":8,"column":0},"end":{"line":8,"column":61}},"8":{"start":{"line":9,"column":0},"end":{"line":9,"column":22}},"9":{"start":{"line":10,"column":0},"end":{"line":10,"column":1}},"10":{"start":{"line":11,"column":0},"end":{"line":11,"column":0}},"11":{"start":{"line":12,"column":0},"end":{"line":12,"column":8}},"12":{"start":{"line":13,"column":0},"end":{"line":13,"column":11}},"13":{"start":{"line":14,"column":0},"end":{"line":14,"column":1}}},"s":{"0":1,"1":1,"2":1,"3":10,"4":10,"5":10,"6":10,"7":10,"8":8,"9":8,"10":1,"11":1,"12":1,"13":1},"branchMap":{"0":{"type":"branch","line":3,"loc":{"start":{"line":3,"column":17},"end":{"line":10,"column":1}},"locations":[{"start":{"line":3,"column":17},"end":{"line":10,"column":1}}]},"1":{"type":"branch","line":8,"loc":{"start":{"line":8,"column":19},"end":{"line":8,"column":61}},"locations":[{"start":{"line":8,"column":19},"end":{"line":8,"column":61}}]},"2":{"type":"branch","line":8,"loc":{"start":{"line":8,"column":60},"end":{"line":10,"column":1}},"locations":[{"start":{"line":8,"column":60},"end":{"line":10,"column":1}}]}},"b":{"0":[10],"1":[2],"2":[8]},"fnMap":{"0":{"name":"validate","decl":{"start":{"line":3,"column":17},"end":{"line":10,"column":1}},"loc":{"start":{"line":3,"column":17},"end":{"line":10,"column":1}},"line":3}},"f":{"0":10}}
}
