{"total": {"lines":{"total":170,"covered":167,"skipped":0,"pct":98.23},"statements":{"total":170,"covered":167,"skipped":0,"pct":98.23},"functions":{"total":12,"covered":11,"skipped":0,"pct":91.66},"branches":{"total":42,"covered":41,"skipped":0,"pct":97.61},"branchesTrue":{"total":0,"covered":0,"skipped":0,"pct":100}}
,"/opt/lampp/htdocs/codelabs/pzn/node/src/applications/database.js": {"lines":{"total":39,"covered":37,"skipped":0,"pct":94.87},"functions":{"total":0,"covered":0,"skipped":0,"pct":100},"statements":{"total":39,"covered":37,"skipped":0,"pct":94.87},"branches":{"total":2,"covered":2,"skipped":0,"pct":100}}
,"/opt/lampp/htdocs/codelabs/pzn/node/src/applications/logging.js": {"lines":{"total":9,"covered":9,"skipped":0,"pct":100},"functions":{"total":0,"covered":0,"skipped":0,"pct":100},"statements":{"total":9,"covered":9,"skipped":0,"pct":100},"branches":{"total":0,"covered":0,"skipped":0,"pct":100}}
,"/opt/lampp/htdocs/codelabs/pzn/node/src/applications/web.js": {"lines":{"total":9,"covered":9,"skipped":0,"pct":100},"functions":{"total":0,"covered":0,"skipped":0,"pct":100},"statements":{"total":9,"covered":9,"skipped":0,"pct":100},"branches":{"total":0,"covered":0,"skipped":0,"pct":100}}
,"/opt/lampp/htdocs/codelabs/pzn/node/src/controllers/user-controller.js": {"lines":{"total":16,"covered":16,"skipped":0,"pct":100},"functions":{"total":3,"covered":3,"skipped":0,"pct":100},"statements":{"total":16,"covered":16,"skipped":0,"pct":100},"branches":{"total":8,"covered":8,"skipped":0,"pct":100}}
,"/opt/lampp/htdocs/codelabs/pzn/node/src/errors/response-error.js": {"lines":{"total":10,"covered":10,"skipped":0,"pct":100},"functions":{"total":1,"covered":1,"skipped":0,"pct":100},"statements":{"total":10,"covered":10,"skipped":0,"pct":100},"branches":{"total":2,"covered":2,"skipped":0,"pct":100}}
,"/opt/lampp/htdocs/codelabs/pzn/node/src/middleware/error-middleware.js": {"lines":{"total":21,"covered":21,"skipped":0,"pct":100},"functions":{"total":1,"covered":1,"skipped":0,"pct":100},"statements":{"total":21,"covered":21,"skipped":0,"pct":100},"branches":{"total":5,"covered":5,"skipped":0,"pct":100}}
,"/opt/lampp/htdocs/codelabs/pzn/node/src/routes/public-api.js": {"lines":{"total":9,"covered":9,"skipped":0,"pct":100},"functions":{"total":0,"covered":0,"skipped":0,"pct":100},"statements":{"total":9,"covered":9,"skipped":0,"pct":100},"branches":{"total":0,"covered":0,"skipped":0,"pct":100}}
,"/opt/lampp/htdocs/codelabs/pzn/node/src/services/user-service.js": {"lines":{"total":33,"covered":32,"skipped":0,"pct":96.96},"functions":{"total":6,"covered":5,"skipped":0,"pct":83.33},"statements":{"total":33,"covered":32,"skipped":0,"pct":96.96},"branches":{"total":22,"covered":21,"skipped":0,"pct":95.45}}
,"/opt/lampp/htdocs/codelabs/pzn/node/src/validations/user-validation.js": {"lines":{"total":11,"covered":11,"skipped":0,"pct":100},"functions":{"total":0,"covered":0,"skipped":0,"pct":100},"statements":{"total":11,"covered":11,"skipped":0,"pct":100},"branches":{"total":0,"covered":0,"skipped":0,"pct":100}}
,"/opt/lampp/htdocs/codelabs/pzn/node/src/validations/validation.js": {"lines":{"total":13,"covered":13,"skipped":0,"pct":100},"functions":{"total":1,"covered":1,"skipped":0,"pct":100},"statements":{"total":13,"covered":13,"skipped":0,"pct":100},"branches":{"total":3,"covered":3,"skipped":0,"pct":100}}
}
