{"/opt/lampp/htdocs/codelabs/pzn/node/src/applications/database.js": {"path":"/opt/lampp/htdocs/codelabs/pzn/node/src/applications/database.js","all":false,"statementMap":{"0":{"start":{"line":1,"column":0},"end":{"line":1,"column":46}},"1":{"start":{"line":2,"column":0},"end":{"line":2,"column":38}},"2":{"start":{"line":3,"column":0},"end":{"line":3,"column":0}},"3":{"start":{"line":4,"column":0},"end":{"line":4,"column":46}},"4":{"start":{"line":5,"column":0},"end":{"line":5,"column":8}},"5":{"start":{"line":6,"column":0},"end":{"line":6,"column":5}},"6":{"start":{"line":7,"column":0},"end":{"line":7,"column":20}},"7":{"start":{"line":8,"column":0},"end":{"line":8,"column":21}},"8":{"start":{"line":9,"column":0},"end":{"line":9,"column":6}},"9":{"start":{"line":10,"column":0},"end":{"line":10,"column":5}},"10":{"start":{"line":11,"column":0},"end":{"line":11,"column":21}},"11":{"start":{"line":12,"column":0},"end":{"line":12,"column":21}},"12":{"start":{"line":13,"column":0},"end":{"line":13,"column":6}},"13":{"start":{"line":14,"column":0},"end":{"line":14,"column":5}},"14":{"start":{"line":15,"column":0},"end":{"line":15,"column":21}},"15":{"start":{"line":16,"column":0},"end":{"line":16,"column":20}},"16":{"start":{"line":17,"column":0},"end":{"line":17,"column":6}},"17":{"start":{"line":18,"column":0},"end":{"line":18,"column":5}},"18":{"start":{"line":19,"column":0},"end":{"line":19,"column":21}},"19":{"start":{"line":20,"column":0},"end":{"line":20,"column":20}},"20":{"start":{"line":21,"column":0},"end":{"line":21,"column":6}},"21":{"start":{"line":22,"column":0},"end":{"line":22,"column":4}},"22":{"start":{"line":23,"column":0},"end":{"line":23,"column":3}},"23":{"start":{"line":24,"column":0},"end":{"line":24,"column":0}},"24":{"start":{"line":25,"column":0},"end":{"line":25,"column":34}},"25":{"start":{"line":26,"column":0},"end":{"line":26,"column":18}},"26":{"start":{"line":27,"column":0},"end":{"line":27,"column":3}},"27":{"start":{"line":28,"column":0},"end":{"line":28,"column":0}},"28":{"start":{"line":29,"column":0},"end":{"line":29,"column":33}},"29":{"start":{"line":30,"column":0},"end":{"line":30,"column":17}},"30":{"start":{"line":31,"column":0},"end":{"line":31,"column":3}},"31":{"start":{"line":32,"column":0},"end":{"line":32,"column":0}},"32":{"start":{"line":33,"column":0},"end":{"line":33,"column":33}},"33":{"start":{"line":34,"column":0},"end":{"line":34,"column":17}},"34":{"start":{"line":35,"column":0},"end":{"line":35,"column":3}},"35":{"start":{"line":36,"column":0},"end":{"line":36,"column":0}},"36":{"start":{"line":37,"column":0},"end":{"line":37,"column":34}},"37":{"start":{"line":38,"column":0},"end":{"line":38,"column":17}},"38":{"start":{"line":39,"column":0},"end":{"line":39,"column":3}}},"s":{"0":1,"1":1,"2":1,"3":1,"4":1,"5":1,"6":1,"7":1,"8":1,"9":1,"10":1,"11":1,"12":1,"13":1,"14":1,"15":1,"16":1,"17":1,"18":1,"19":1,"20":1,"21":1,"22":1,"23":1,"24":1,"25":0,"26":1,"27":1,"28":1,"29":0,"30":1,"31":1,"32":1,"33":1,"34":1,"35":1,"36":1,"37":25,"38":1},"branchMap":{"0":{"type":"branch","line":33,"loc":{"start":{"line":33,"column":25},"end":{"line":35,"column":2}},"locations":[{"start":{"line":33,"column":25},"end":{"line":35,"column":2}}]},"1":{"type":"branch","line":37,"loc":{"start":{"line":37,"column":26},"end":{"line":39,"column":2}},"locations":[{"start":{"line":37,"column":26},"end":{"line":39,"column":2}}]}},"b":{"0":[1],"1":[25]},"fnMap":{},"f":{}}
,"/opt/lampp/htdocs/codelabs/pzn/node/src/applications/logging.js": {"path":"/opt/lampp/htdocs/codelabs/pzn/node/src/applications/logging.js","all":false,"statementMap":{"0":{"start":{"line":1,"column":0},"end":{"line":1,"column":30}},"1":{"start":{"line":2,"column":0},"end":{"line":2,"column":0}},"2":{"start":{"line":3,"column":0},"end":{"line":3,"column":45}},"3":{"start":{"line":4,"column":0},"end":{"line":4,"column":16}},"4":{"start":{"line":5,"column":0},"end":{"line":5,"column":32}},"5":{"start":{"line":6,"column":0},"end":{"line":6,"column":15}},"6":{"start":{"line":7,"column":0},"end":{"line":7,"column":39}},"7":{"start":{"line":8,"column":0},"end":{"line":8,"column":4}},"8":{"start":{"line":9,"column":0},"end":{"line":9,"column":2}}},"s":{"0":1,"1":1,"2":1,"3":1,"4":1,"5":1,"6":1,"7":1,"8":1},"branchMap":{},"b":{},"fnMap":{},"f":{}}
,"/opt/lampp/htdocs/codelabs/pzn/node/src/applications/web.js": {"path":"/opt/lampp/htdocs/codelabs/pzn/node/src/applications/web.js","all":false,"statementMap":{"0":{"start":{"line":1,"column":0},"end":{"line":1,"column":30}},"1":{"start":{"line":2,"column":0},"end":{"line":2,"column":55}},"2":{"start":{"line":3,"column":0},"end":{"line":3,"column":68}},"3":{"start":{"line":4,"column":0},"end":{"line":4,"column":0}},"4":{"start":{"line":5,"column":0},"end":{"line":5,"column":29}},"5":{"start":{"line":6,"column":0},"end":{"line":6,"column":24}},"6":{"start":{"line":7,"column":0},"end":{"line":7,"column":22}},"7":{"start":{"line":8,"column":0},"end":{"line":8,"column":0}},"8":{"start":{"line":9,"column":0},"end":{"line":9,"column":25}}},"s":{"0":1,"1":1,"2":1,"3":1,"4":1,"5":1,"6":1,"7":1,"8":1},"branchMap":{},"b":{},"fnMap":{},"f":{}}
,"/opt/lampp/htdocs/codelabs/pzn/node/src/controllers/user-controller.js": {"path":"/opt/lampp/htdocs/codelabs/pzn/node/src/controllers/user-controller.js","all":false,"statementMap":{"0":{"start":{"line":1,"column":0},"end":{"line":1,"column":54}},"1":{"start":{"line":2,"column":0},"end":{"line":2,"column":0}},"2":{"start":{"line":3,"column":0},"end":{"line":3,"column":42}},"3":{"start":{"line":4,"column":0},"end":{"line":4,"column":7}},"4":{"start":{"line":5,"column":0},"end":{"line":5,"column":56}},"5":{"start":{"line":6,"column":0},"end":{"line":6,"column":26}},"6":{"start":{"line":7,"column":0},"end":{"line":7,"column":19}},"7":{"start":{"line":8,"column":0},"end":{"line":8,"column":7}},"8":{"start":{"line":9,"column":0},"end":{"line":9,"column":15}},"9":{"start":{"line":10,"column":0},"end":{"line":10,"column":12}},"10":{"start":{"line":11,"column":0},"end":{"line":11,"column":3}},"11":{"start":{"line":12,"column":0},"end":{"line":12,"column":1}},"12":{"start":{"line":13,"column":0},"end":{"line":13,"column":0}},"13":{"start":{"line":14,"column":0},"end":{"line":14,"column":15}},"14":{"start":{"line":15,"column":0},"end":{"line":15,"column":10}},"15":{"start":{"line":16,"column":0},"end":{"line":16,"column":1}}},"s":{"0":1,"1":1,"2":1,"3":4,"4":4,"5":2,"6":2,"7":2,"8":2,"9":2,"10":1,"11":1,"12":1,"13":1,"14":1,"15":1},"branchMap":{"0":{"type":"branch","line":2,"loc":{"start":{"line":2,"column":-1},"end":{"line":2,"column":0}},"locations":[{"start":{"line":2,"column":-1},"end":{"line":2,"column":0}}]},"1":{"type":"branch","line":3,"loc":{"start":{"line":3,"column":14},"end":{"line":3,"column":17}},"locations":[{"start":{"line":3,"column":14},"end":{"line":3,"column":17}}]},"2":{"type":"branch","line":3,"loc":{"start":{"line":3,"column":17},"end":{"line":10,"column":12}},"locations":[{"start":{"line":3,"column":17},"end":{"line":10,"column":12}}]},"3":{"type":"branch","line":3,"loc":{"start":{"line":3,"column":36},"end":{"line":10,"column":12}},"locations":[{"start":{"line":3,"column":36},"end":{"line":10,"column":12}}]},"4":{"type":"branch","line":3,"loc":{"start":{"line":3,"column":36},"end":{"line":10,"column":12}},"locations":[{"start":{"line":3,"column":36},"end":{"line":10,"column":12}}]},"5":{"type":"branch","line":3,"loc":{"start":{"line":3,"column":36},"end":{"line":5,"column":56}},"locations":[{"start":{"line":3,"column":36},"end":{"line":5,"column":56}}]},"6":{"type":"branch","line":5,"loc":{"start":{"line":5,"column":55},"end":{"line":8,"column":7}},"locations":[{"start":{"line":5,"column":55},"end":{"line":8,"column":7}}]},"7":{"type":"branch","line":9,"loc":{"start":{"line":9,"column":-1},"end":{"line":10,"column":12}},"locations":[{"start":{"line":9,"column":-1},"end":{"line":10,"column":12}}]}},"b":{"0":[1],"1":[1],"2":[4],"3":[8],"4":[10],"5":[4],"6":[2],"7":[2]},"fnMap":{"0":{"name":"_regeneratorRuntime","decl":{"start":{"line":2,"column":-1},"end":{"line":2,"column":0}},"loc":{"start":{"line":2,"column":-1},"end":{"line":2,"column":0}},"line":2},"1":{"name":"_callee","decl":{"start":{"line":3,"column":17},"end":{"line":10,"column":12}},"loc":{"start":{"line":3,"column":17},"end":{"line":10,"column":12}},"line":3},"2":{"name":"_callee$","decl":{"start":{"line":3,"column":36},"end":{"line":10,"column":12}},"loc":{"start":{"line":3,"column":36},"end":{"line":10,"column":12}},"line":3}},"f":{"0":1,"1":4,"2":8}}
,"/opt/lampp/htdocs/codelabs/pzn/node/src/errors/response-error.js": {"path":"/opt/lampp/htdocs/codelabs/pzn/node/src/errors/response-error.js","all":false,"statementMap":{"0":{"start":{"line":1,"column":0},"end":{"line":1,"column":34}},"1":{"start":{"line":2,"column":0},"end":{"line":2,"column":30}},"2":{"start":{"line":3,"column":0},"end":{"line":3,"column":19}},"3":{"start":{"line":4,"column":0},"end":{"line":4,"column":25}},"4":{"start":{"line":5,"column":0},"end":{"line":5,"column":3}},"5":{"start":{"line":6,"column":0},"end":{"line":6,"column":1}},"6":{"start":{"line":7,"column":0},"end":{"line":7,"column":0}},"7":{"start":{"line":8,"column":0},"end":{"line":8,"column":8}},"8":{"start":{"line":9,"column":0},"end":{"line":9,"column":16}},"9":{"start":{"line":10,"column":0},"end":{"line":10,"column":1}}},"s":{"0":1,"1":2,"2":3,"3":3,"4":3,"5":1,"6":1,"7":1,"8":1,"9":1},"branchMap":{"0":{"type":"branch","line":1,"loc":{"start":{"line":1,"column":19},"end":{"line":5,"column":3}},"locations":[{"start":{"line":1,"column":19},"end":{"line":5,"column":3}}]},"1":{"type":"branch","line":2,"loc":{"start":{"line":2,"column":2},"end":{"line":5,"column":3}},"locations":[{"start":{"line":2,"column":2},"end":{"line":5,"column":3}}]}},"b":{"0":[2],"1":[3]},"fnMap":{"0":{"name":"ResponseError","decl":{"start":{"line":2,"column":2},"end":{"line":5,"column":3}},"loc":{"start":{"line":2,"column":2},"end":{"line":5,"column":3}},"line":2}},"f":{"0":3}}
,"/opt/lampp/htdocs/codelabs/pzn/node/src/middleware/error-middleware.js": {"path":"/opt/lampp/htdocs/codelabs/pzn/node/src/middleware/error-middleware.js","all":false,"statementMap":{"0":{"start":{"line":1,"column":0},"end":{"line":1,"column":60}},"1":{"start":{"line":2,"column":0},"end":{"line":2,"column":0}},"2":{"start":{"line":3,"column":0},"end":{"line":3,"column":47}},"3":{"start":{"line":4,"column":0},"end":{"line":4,"column":10}},"4":{"start":{"line":5,"column":0},"end":{"line":5,"column":37}},"5":{"start":{"line":6,"column":0},"end":{"line":6,"column":42}},"6":{"start":{"line":7,"column":0},"end":{"line":7,"column":28}},"7":{"start":{"line":8,"column":0},"end":{"line":8,"column":15}},"8":{"start":{"line":9,"column":0},"end":{"line":9,"column":10}},"9":{"start":{"line":10,"column":0},"end":{"line":10,"column":35}},"10":{"start":{"line":11,"column":0},"end":{"line":11,"column":28}},"11":{"start":{"line":12,"column":0},"end":{"line":12,"column":15}},"12":{"start":{"line":13,"column":0},"end":{"line":13,"column":5}},"13":{"start":{"line":14,"column":0},"end":{"line":14,"column":3}},"14":{"start":{"line":15,"column":0},"end":{"line":15,"column":0}},"15":{"start":{"line":16,"column":0},"end":{"line":16,"column":9}},"16":{"start":{"line":17,"column":0},"end":{"line":17,"column":1}},"17":{"start":{"line":18,"column":0},"end":{"line":18,"column":0}},"18":{"start":{"line":19,"column":0},"end":{"line":19,"column":8}},"19":{"start":{"line":20,"column":0},"end":{"line":20,"column":18}},"20":{"start":{"line":21,"column":0},"end":{"line":21,"column":1}}},"s":{"0":1,"1":1,"2":1,"3":5,"4":4,"5":3,"6":3,"7":3,"8":3,"9":1,"10":1,"11":1,"12":1,"13":4,"14":1,"15":1,"16":1,"17":1,"18":1,"19":1,"20":1},"branchMap":{"0":{"type":"branch","line":3,"loc":{"start":{"line":3,"column":24},"end":{"line":17,"column":1}},"locations":[{"start":{"line":3,"column":24},"end":{"line":17,"column":1}}]},"1":{"type":"branch","line":4,"loc":{"start":{"line":4,"column":9},"end":{"line":14,"column":3}},"locations":[{"start":{"line":4,"column":9},"end":{"line":14,"column":3}}]},"2":{"type":"branch","line":5,"loc":{"start":{"line":5,"column":36},"end":{"line":13,"column":5}},"locations":[{"start":{"line":5,"column":36},"end":{"line":13,"column":5}}]},"3":{"type":"branch","line":9,"loc":{"start":{"line":9,"column":5},"end":{"line":13,"column":5}},"locations":[{"start":{"line":9,"column":5},"end":{"line":13,"column":5}}]},"4":{"type":"branch","line":14,"loc":{"start":{"line":14,"column":2},"end":{"line":17,"column":1}},"locations":[{"start":{"line":14,"column":2},"end":{"line":17,"column":1}}]}},"b":{"0":[5],"1":[4],"2":[3],"3":[1],"4":[1]},"fnMap":{"0":{"name":"errorMiddleware","decl":{"start":{"line":3,"column":24},"end":{"line":17,"column":1}},"loc":{"start":{"line":3,"column":24},"end":{"line":17,"column":1}},"line":3}},"f":{"0":5}}
,"/opt/lampp/htdocs/codelabs/pzn/node/src/routes/public-api.js": {"path":"/opt/lampp/htdocs/codelabs/pzn/node/src/routes/public-api.js","all":false,"statementMap":{"0":{"start":{"line":1,"column":0},"end":{"line":1,"column":30}},"1":{"start":{"line":2,"column":0},"end":{"line":2,"column":63}},"2":{"start":{"line":3,"column":0},"end":{"line":3,"column":0}},"3":{"start":{"line":4,"column":0},"end":{"line":4,"column":38}},"4":{"start":{"line":5,"column":0},"end":{"line":5,"column":57}},"5":{"start":{"line":6,"column":0},"end":{"line":6,"column":0}},"6":{"start":{"line":7,"column":0},"end":{"line":7,"column":8}},"7":{"start":{"line":8,"column":0},"end":{"line":8,"column":15}},"8":{"start":{"line":9,"column":0},"end":{"line":9,"column":1}}},"s":{"0":1,"1":1,"2":1,"3":1,"4":1,"5":1,"6":1,"7":1,"8":1},"branchMap":{},"b":{},"fnMap":{},"f":{}}
,"/opt/lampp/htdocs/codelabs/pzn/node/src/services/user-service.js": {"path":"/opt/lampp/htdocs/codelabs/pzn/node/src/services/user-service.js","all":false,"statementMap":{"0":{"start":{"line":1,"column":0},"end":{"line":1,"column":28}},"1":{"start":{"line":2,"column":0},"end":{"line":2,"column":59}},"2":{"start":{"line":3,"column":0},"end":{"line":3,"column":56}},"3":{"start":{"line":4,"column":0},"end":{"line":4,"column":60}},"4":{"start":{"line":5,"column":0},"end":{"line":5,"column":75}},"5":{"start":{"line":6,"column":0},"end":{"line":6,"column":0}},"6":{"start":{"line":7,"column":0},"end":{"line":7,"column":33}},"7":{"start":{"line":8,"column":0},"end":{"line":8,"column":53}},"8":{"start":{"line":9,"column":0},"end":{"line":9,"column":51}},"9":{"start":{"line":10,"column":0},"end":{"line":10,"column":12}},"10":{"start":{"line":11,"column":0},"end":{"line":11,"column":30}},"11":{"start":{"line":12,"column":0},"end":{"line":12,"column":6}},"12":{"start":{"line":13,"column":0},"end":{"line":13,"column":5}},"13":{"start":{"line":14,"column":0},"end":{"line":14,"column":0}},"14":{"start":{"line":15,"column":0},"end":{"line":15,"column":20}},"15":{"start":{"line":16,"column":0},"end":{"line":16,"column":56}},"16":{"start":{"line":17,"column":0},"end":{"line":17,"column":3}},"17":{"start":{"line":18,"column":0},"end":{"line":18,"column":0}},"18":{"start":{"line":19,"column":0},"end":{"line":19,"column":55}},"19":{"start":{"line":20,"column":0},"end":{"line":20,"column":0}},"20":{"start":{"line":21,"column":0},"end":{"line":21,"column":35}},"21":{"start":{"line":22,"column":0},"end":{"line":22,"column":15}},"22":{"start":{"line":23,"column":0},"end":{"line":23,"column":13}},"23":{"start":{"line":24,"column":0},"end":{"line":24,"column":21}},"24":{"start":{"line":25,"column":0},"end":{"line":25,"column":17}},"25":{"start":{"line":26,"column":0},"end":{"line":26,"column":5}},"26":{"start":{"line":27,"column":0},"end":{"line":27,"column":5}},"27":{"start":{"line":28,"column":0},"end":{"line":28,"column":1}},"28":{"start":{"line":29,"column":0},"end":{"line":29,"column":0}},"29":{"start":{"line":30,"column":0},"end":{"line":30,"column":16}},"30":{"start":{"line":31,"column":0},"end":{"line":31,"column":11}},"31":{"start":{"line":32,"column":0},"end":{"line":32,"column":1}}},"s":{"0":1,"1":0,"2":1,"3":1,"4":1,"5":1,"6":1,"7":4,"8":4,"9":4,"10":4,"11":4,"12":4,"13":3,"14":3,"15":1,"16":2,"17":2,"18":2,"19":2,"20":2,"21":2,"22":2,"23":2,"24":2,"25":2,"26":2,"27":1,"28":1,"29":1,"30":1,"31":1},"branchMap":{"0":{"type":"branch","line":2,"loc":{"start":{"line":2,"column":0},"end":{"line":2,"column":59}},"locations":[{"start":{"line":2,"column":0},"end":{"line":2,"column":59}}]},"1":{"type":"branch","line":2,"loc":{"start":{"line":2,"column":0},"end":{"line":2,"column":59}},"locations":[{"start":{"line":2,"column":0},"end":{"line":2,"column":59}}]},"2":{"type":"branch","line":2,"loc":{"start":{"line":2,"column":0},"end":{"line":2,"column":59}},"locations":[{"start":{"line":2,"column":0},"end":{"line":2,"column":59}}]},"3":{"type":"branch","line":2,"loc":{"start":{"line":2,"column":0},"end":{"line":2,"column":59}},"locations":[{"start":{"line":2,"column":0},"end":{"line":2,"column":59}}]},"4":{"type":"branch","line":2,"loc":{"start":{"line":2,"column":0},"end":{"line":2,"column":59}},"locations":[{"start":{"line":2,"column":0},"end":{"line":2,"column":59}}]},"5":{"type":"branch","line":2,"loc":{"start":{"line":2,"column":0},"end":{"line":2,"column":59}},"locations":[{"start":{"line":2,"column":0},"end":{"line":2,"column":59}}]},"6":{"type":"branch","line":2,"loc":{"start":{"line":2,"column":0},"end":{"line":2,"column":59}},"locations":[{"start":{"line":2,"column":0},"end":{"line":2,"column":59}}]},"7":{"type":"branch","line":2,"loc":{"start":{"line":2,"column":0},"end":{"line":2,"column":59}},"locations":[{"start":{"line":2,"column":0},"end":{"line":2,"column":59}}]},"8":{"type":"branch","line":2,"loc":{"start":{"line":2,"column":0},"end":{"line":2,"column":59}},"locations":[{"start":{"line":2,"column":0},"end":{"line":2,"column":59}}]},"9":{"type":"branch","line":7,"loc":{"start":{"line":7,"column":14},"end":{"line":7,"column":17}},"locations":[{"start":{"line":7,"column":14},"end":{"line":7,"column":17}}]},"10":{"type":"branch","line":7,"loc":{"start":{"line":7,"column":17},"end":{"line":27,"column":5}},"locations":[{"start":{"line":7,"column":17},"end":{"line":27,"column":5}}]},"11":{"type":"branch","line":7,"loc":{"start":{"line":7,"column":27},"end":{"line":27,"column":5}},"locations":[{"start":{"line":7,"column":27},"end":{"line":27,"column":5}}]},"12":{"type":"branch","line":7,"loc":{"start":{"line":7,"column":27},"end":{"line":27,"column":5}},"locations":[{"start":{"line":7,"column":27},"end":{"line":27,"column":5}}]},"13":{"type":"branch","line":7,"loc":{"start":{"line":7,"column":27},"end":{"line":13,"column":5}},"locations":[{"start":{"line":7,"column":27},"end":{"line":13,"column":5}}]},"14":{"type":"branch","line":13,"loc":{"start":{"line":13,"column":4},"end":{"line":16,"column":56}},"locations":[{"start":{"line":13,"column":4},"end":{"line":16,"column":56}}]},"15":{"type":"branch","line":15,"loc":{"start":{"line":15,"column":18},"end":{"line":15,"column":20}},"locations":[{"start":{"line":15,"column":18},"end":{"line":15,"column":20}}]},"16":{"type":"branch","line":15,"loc":{"start":{"line":15,"column":18},"end":{"line":16,"column":56}},"locations":[{"start":{"line":15,"column":18},"end":{"line":16,"column":56}}]},"17":{"type":"branch","line":16,"loc":{"start":{"line":16,"column":55},"end":{"line":19,"column":55}},"locations":[{"start":{"line":16,"column":55},"end":{"line":19,"column":55}}]},"18":{"type":"branch","line":19,"loc":{"start":{"line":19,"column":54},"end":{"line":27,"column":5}},"locations":[{"start":{"line":19,"column":54},"end":{"line":27,"column":5}}]},"19":{"type":"branch","line":27,"loc":{"start":{"line":27,"column":4},"end":{"line":27,"column":5}},"locations":[{"start":{"line":27,"column":4},"end":{"line":27,"column":5}}]},"20":{"type":"branch","line":27,"loc":{"start":{"line":27,"column":4},"end":{"line":27,"column":5}},"locations":[{"start":{"line":27,"column":4},"end":{"line":27,"column":5}}]}},"b":{"0":[9],"1":[2],"2":[7],"3":[2],"4":[5],"5":[1],"6":[4],"7":[4],"8":[9],"9":[1],"10":[4],"11":[13],"12":[15],"13":[4],"14":[3],"15":[2],"16":[1],"17":[2],"18":[2],"19":[0],"20":[4]},"fnMap":{"0":{"name":"asyncGeneratorStep","decl":{"start":{"line":2,"column":0},"end":{"line":2,"column":59}},"loc":{"start":{"line":2,"column":0},"end":{"line":2,"column":59}},"line":2},"1":{"name":"_asyncToGenerator","decl":{"start":{"line":2,"column":0},"end":{"line":2,"column":59}},"loc":{"start":{"line":2,"column":0},"end":{"line":2,"column":59}},"line":2},"2":{"name":"_next","decl":{"start":{"line":2,"column":0},"end":{"line":2,"column":59}},"loc":{"start":{"line":2,"column":0},"end":{"line":2,"column":59}},"line":2},"3":{"name":"_throw","decl":{"start":{"line":2,"column":0},"end":{"line":2,"column":59}},"loc":{"start":{"line":2,"column":0},"end":{"line":2,"column":59}},"line":2},"4":{"name":"_callee","decl":{"start":{"line":7,"column":17},"end":{"line":27,"column":5}},"loc":{"start":{"line":7,"column":17},"end":{"line":27,"column":5}},"line":7},"5":{"name":"_callee$","decl":{"start":{"line":7,"column":27},"end":{"line":27,"column":5}},"loc":{"start":{"line":7,"column":27},"end":{"line":27,"column":5}},"line":7}},"f":{"0":9,"1":1,"2":9,"3":0,"4":4,"5":13}}
,"/opt/lampp/htdocs/codelabs/pzn/node/src/validations/user-validation.js": {"path":"/opt/lampp/htdocs/codelabs/pzn/node/src/validations/user-validation.js","all":false,"statementMap":{"0":{"start":{"line":1,"column":0},"end":{"line":1,"column":22}},"1":{"start":{"line":2,"column":0},"end":{"line":2,"column":0}},"2":{"start":{"line":3,"column":0},"end":{"line":3,"column":43}},"3":{"start":{"line":4,"column":0},"end":{"line":4,"column":45}},"4":{"start":{"line":5,"column":0},"end":{"line":5,"column":45}},"5":{"start":{"line":6,"column":0},"end":{"line":6,"column":41}},"6":{"start":{"line":7,"column":0},"end":{"line":7,"column":3}},"7":{"start":{"line":8,"column":0},"end":{"line":8,"column":0}},"8":{"start":{"line":9,"column":0},"end":{"line":9,"column":8}},"9":{"start":{"line":10,"column":0},"end":{"line":10,"column":25}},"10":{"start":{"line":11,"column":0},"end":{"line":11,"column":1}}},"s":{"0":1,"1":1,"2":1,"3":1,"4":1,"5":1,"6":1,"7":1,"8":1,"9":1,"10":1},"branchMap":{},"b":{},"fnMap":{},"f":{}}
,"/opt/lampp/htdocs/codelabs/pzn/node/src/validations/validation.js": {"path":"/opt/lampp/htdocs/codelabs/pzn/node/src/validations/validation.js","all":false,"statementMap":{"0":{"start":{"line":1,"column":0},"end":{"line":1,"column":60}},"1":{"start":{"line":2,"column":0},"end":{"line":2,"column":0}},"2":{"start":{"line":3,"column":0},"end":{"line":3,"column":35}},"3":{"start":{"line":4,"column":0},"end":{"line":4,"column":39}},"4":{"start":{"line":5,"column":0},"end":{"line":5,"column":22}},"5":{"start":{"line":6,"column":0},"end":{"line":6,"column":5}},"6":{"start":{"line":7,"column":0},"end":{"line":7,"column":61}},"7":{"start":{"line":8,"column":0},"end":{"line":8,"column":22}},"8":{"start":{"line":9,"column":0},"end":{"line":9,"column":1}},"9":{"start":{"line":10,"column":0},"end":{"line":10,"column":0}},"10":{"start":{"line":11,"column":0},"end":{"line":11,"column":8}},"11":{"start":{"line":12,"column":0},"end":{"line":12,"column":11}},"12":{"start":{"line":13,"column":0},"end":{"line":13,"column":1}}},"s":{"0":1,"1":1,"2":1,"3":4,"4":4,"5":4,"6":4,"7":3,"8":3,"9":1,"10":1,"11":1,"12":1},"branchMap":{"0":{"type":"branch","line":3,"loc":{"start":{"line":3,"column":17},"end":{"line":9,"column":1}},"locations":[{"start":{"line":3,"column":17},"end":{"line":9,"column":1}}]},"1":{"type":"branch","line":7,"loc":{"start":{"line":7,"column":19},"end":{"line":7,"column":61}},"locations":[{"start":{"line":7,"column":19},"end":{"line":7,"column":61}}]},"2":{"type":"branch","line":7,"loc":{"start":{"line":7,"column":60},"end":{"line":9,"column":1}},"locations":[{"start":{"line":7,"column":60},"end":{"line":9,"column":1}}]}},"b":{"0":[4],"1":[1],"2":[3]},"fnMap":{"0":{"name":"validate","decl":{"start":{"line":3,"column":17},"end":{"line":9,"column":1}},"loc":{"start":{"line":3,"column":17},"end":{"line":9,"column":1}},"line":3}},"f":{"0":4}}
}
