TN:
SF:src/applications/database.js
FNF:0
FNH:0
DA:1,1
DA:2,1
DA:3,1
DA:4,1
DA:5,1
DA:6,1
DA:7,1
DA:8,1
DA:9,1
DA:10,1
DA:11,1
DA:12,1
DA:13,1
DA:14,1
DA:15,1
DA:16,1
DA:17,1
DA:18,1
DA:19,1
DA:20,1
DA:21,1
DA:22,1
DA:23,1
DA:24,1
DA:25,1
DA:26,0
DA:27,1
DA:28,1
DA:29,1
DA:30,0
DA:31,1
DA:32,1
DA:33,1
DA:34,2
DA:35,1
DA:36,1
DA:37,1
DA:38,240
DA:39,1
LF:39
LH:37
BRDA:33,0,0,2
BRDA:37,1,0,240
BRF:2
BRH:2
end_of_record
TN:
SF:src/applications/logging.js
FNF:0
FNH:0
DA:1,1
DA:2,1
DA:3,1
DA:4,1
DA:5,1
DA:6,1
DA:7,1
DA:8,1
DA:9,1
LF:9
LH:9
BRF:0
BRH:0
end_of_record
TN:
SF:src/applications/web.js
FNF:0
FNH:0
DA:1,1
DA:2,1
DA:3,1
DA:4,1
DA:5,1
DA:6,1
DA:7,1
DA:8,1
DA:9,1
DA:10,1
DA:11,1
LF:11
LH:11
BRF:0
BRH:0
end_of_record
TN:
SF:src/controllers/contact-controller.js
FN:2,_regeneratorRuntime
FN:3,_callee
FN:3,_callee$
FN:15,_callee2
FN:15,_callee2$
FNF:5
FNH:5
FNDA:2,_regeneratorRuntime
FNDA:3,_callee
FNDA:6,_callee$
FNDA:3,_callee2
FNDA:6,_callee2$
DA:1,1
DA:2,2
DA:3,1
DA:4,3
DA:5,3
DA:6,3
DA:7,2
DA:8,2
DA:9,2
DA:10,1
DA:11,1
DA:12,1
DA:13,1
DA:14,1
DA:15,1
DA:16,3
DA:17,3
DA:18,3
DA:19,1
DA:20,1
DA:21,1
DA:22,2
DA:23,2
DA:24,1
DA:25,1
DA:26,1
DA:27,1
DA:28,1
DA:29,1
DA:30,1
LF:30
LH:30
BRDA:2,0,0,2
BRDA:3,1,0,2
BRDA:3,2,0,3
BRDA:3,3,0,6
BRDA:3,4,0,8
BRDA:3,5,0,3
BRDA:6,6,0,2
BRDA:10,7,0,1
BRDA:15,8,0,2
BRDA:15,9,0,3
BRDA:15,10,0,6
BRDA:15,11,0,7
BRDA:15,12,0,3
BRDA:18,13,0,1
BRDA:22,14,0,2
BRF:15
BRH:15
end_of_record
TN:
SF:src/controllers/user-controller.js
FN:2,_regeneratorRuntime
FN:3,_callee
FN:3,_callee$
FN:14,_callee2
FN:14,_callee2$
FN:25,_callee3
FN:25,_callee3$
FN:37,_callee4
FN:37,_callee4$
FN:52,_callee5
FN:52,_callee5$
FNF:11
FNH:11
FNDA:2,_regeneratorRuntime
FNDA:4,_callee
FNDA:8,_callee$
FNDA:17,_callee2
FNDA:34,_callee2$
FNDA:1,_callee3
FNDA:2,_callee3$
FNDA:4,_callee4
FNDA:8,_callee4$
FNDA:1,_callee5
FNDA:2,_callee5$
DA:1,1
DA:2,2
DA:3,1
DA:4,4
DA:5,4
DA:6,2
DA:7,2
DA:8,2
DA:9,2
DA:10,2
DA:11,1
DA:12,1
DA:13,1
DA:14,1
DA:15,17
DA:16,17
DA:17,15
DA:18,15
DA:19,15
DA:20,2
DA:21,2
DA:22,1
DA:23,1
DA:24,1
DA:25,1
DA:26,1
DA:27,1
DA:28,1
DA:29,1
DA:30,1
DA:31,1
DA:32,0
DA:33,0
DA:34,1
DA:35,1
DA:36,1
DA:37,1
DA:38,4
DA:39,4
DA:40,4
DA:41,4
DA:42,4
DA:43,4
DA:44,3
DA:45,3
DA:46,3
DA:47,1
DA:48,1
DA:49,1
DA:50,1
DA:51,1
DA:52,1
DA:53,1
DA:54,1
DA:55,1
DA:56,1
DA:57,1
DA:58,0
DA:59,0
DA:60,1
DA:61,1
DA:62,1
DA:63,1
DA:64,1
DA:65,1
DA:66,1
DA:67,1
DA:68,1
DA:69,1
LF:69
LH:65
BRDA:2,0,0,2
BRDA:3,1,0,2
BRDA:3,2,0,4
BRDA:3,3,0,8
BRDA:3,4,0,10
BRDA:3,5,0,4
BRDA:5,6,0,2
BRDA:9,7,0,2
BRDA:14,8,0,2
BRDA:14,9,0,17
BRDA:14,10,0,34
BRDA:14,11,0,49
BRDA:14,12,0,17
BRDA:16,13,0,15
BRDA:20,14,0,2
BRDA:25,15,0,2
BRDA:25,16,0,1
BRDA:25,17,0,2
BRDA:25,18,0,3
BRDA:25,19,0,1
BRDA:28,20,0,1
BRDA:32,21,0,0
BRDA:37,22,0,2
BRDA:37,23,0,4
BRDA:37,24,0,8
BRDA:37,25,0,11
BRDA:37,26,0,4
BRDA:43,27,0,3
BRDA:47,28,0,1
BRDA:52,29,0,2
BRDA:52,30,0,1
BRDA:52,31,0,2
BRDA:52,32,0,3
BRDA:52,33,0,1
BRDA:54,34,0,1
BRDA:58,35,0,0
BRF:36
BRH:34
end_of_record
TN:
SF:src/errors/response-error.js
FN:2,ResponseError
FNF:1
FNH:1
FNDA:9,ResponseError
DA:1,1
DA:2,3
DA:3,9
DA:4,9
DA:5,9
DA:6,1
DA:7,1
DA:8,1
DA:9,1
DA:10,1
LF:10
LH:10
BRDA:1,0,0,3
BRDA:2,1,0,9
BRF:2
BRH:2
end_of_record
TN:
SF:src/middleware/auth-middleware.js
FN:2,_regeneratorRuntime
FN:3,_callee
FN:3,_callee$
FNF:3
FNH:3
FNDA:2,_regeneratorRuntime
FNDA:19,_callee
FNDA:43,_callee$
DA:1,1
DA:2,2
DA:3,1
DA:4,19
DA:5,19
DA:6,2
DA:7,2
DA:8,2
DA:9,17
DA:10,17
DA:11,17
DA:12,17
DA:13,17
DA:14,17
DA:15,17
DA:16,17
DA:17,5
DA:18,5
DA:19,5
DA:20,12
DA:21,12
DA:22,12
DA:23,12
DA:24,1
DA:25,1
LF:25
LH:25
BRDA:2,0,0,2
BRDA:3,1,0,2
BRDA:3,2,0,19
BRDA:3,3,0,43
BRDA:3,4,0,72
BRDA:3,5,0,19
BRDA:5,6,0,17
BRDA:5,7,0,2
BRDA:8,8,0,17
BRDA:14,9,0,17
BRDA:16,10,0,12
BRDA:16,11,0,5
BRDA:19,12,0,12
BRF:13
BRH:13
end_of_record
TN:
SF:src/middleware/error-middleware.js
FN:3,errorMiddleware
FNF:1
FNH:1
FNDA:11,errorMiddleware
DA:1,1
DA:2,1
DA:3,1
DA:4,11
DA:5,10
DA:6,9
DA:7,9
DA:8,9
DA:9,9
DA:10,1
DA:11,1
DA:12,1
DA:13,1
DA:14,10
DA:15,1
DA:16,1
DA:17,1
DA:18,1
DA:19,1
DA:20,1
DA:21,1
LF:21
LH:21
BRDA:3,0,0,11
BRDA:4,1,0,10
BRDA:5,2,0,9
BRDA:9,3,0,1
BRDA:14,4,0,1
BRF:5
BRH:5
end_of_record
TN:
SF:src/routes/api.js
FNF:0
FNH:0
DA:1,1
DA:2,1
DA:3,1
DA:4,1
DA:5,1
DA:6,1
DA:7,1
DA:8,1
DA:9,1
DA:10,1
DA:11,1
DA:12,1
DA:13,1
DA:14,1
DA:15,1
DA:16,1
DA:17,1
DA:18,1
DA:19,1
DA:20,1
LF:20
LH:20
BRF:0
BRH:0
end_of_record
TN:
SF:src/routes/public-api.js
FNF:0
FNH:0
DA:1,1
DA:2,1
DA:3,1
DA:4,1
DA:5,1
DA:6,1
DA:7,1
DA:8,1
DA:9,1
DA:10,1
LF:10
LH:10
BRF:0
BRH:0
end_of_record
TN:
SF:src/services/contact-service.js
FN:2,asyncGeneratorStep
FN:2,_asyncToGenerator
FN:2,_next
FN:2,_throw
FN:6,_callee
FN:6,_callee$
FN:22,_callee2
FN:22,_callee2$
FNF:8
FNH:7
FNDA:8,asyncGeneratorStep
FNDA:4,_asyncToGenerator
FNDA:8,_next
FNDA:0,_throw
FNDA:3,_callee
FNDA:6,_callee$
FNDA:3,_callee2
FNDA:8,_callee2$
DA:1,1
DA:2,0
DA:3,1
DA:4,1
DA:5,1
DA:6,1
DA:7,3
DA:8,3
DA:9,3
DA:10,3
DA:11,3
DA:12,3
DA:13,3
DA:14,3
DA:15,3
DA:16,3
DA:17,3
DA:18,3
DA:19,3
DA:20,1
DA:21,1
DA:22,1
DA:23,3
DA:24,3
DA:25,3
DA:26,3
DA:27,3
DA:28,3
DA:29,3
DA:30,3
DA:31,3
DA:32,3
DA:33,3
DA:34,3
DA:35,3
DA:36,3
DA:37,2
DA:38,2
DA:39,1
DA:40,1
DA:41,1
DA:42,1
DA:43,1
DA:44,1
DA:45,1
DA:46,1
LF:46
LH:45
BRDA:2,0,0,8
BRDA:2,1,0,3
BRDA:2,2,0,5
BRDA:2,3,0,3
BRDA:2,4,0,2
BRDA:2,5,0,4
BRDA:2,6,0,6
BRDA:2,7,0,6
BRDA:2,8,0,8
BRDA:6,9,0,2
BRDA:6,10,0,3
BRDA:6,11,0,6
BRDA:6,12,0,3
BRDA:22,13,0,2
BRDA:22,14,0,3
BRDA:22,15,0,8
BRDA:22,16,0,9
BRDA:22,17,0,3
BRDA:36,18,0,2
BRDA:38,19,0,1
BRDA:38,20,0,1
BRDA:40,21,0,0
BRDA:40,22,0,3
BRF:23
BRH:22
end_of_record
TN:
SF:src/services/user-service.js
FN:2,asyncGeneratorStep
FN:2,_asyncToGenerator
FN:2,_next
FN:2,_throw
FN:8,_callee
FN:8,_callee$
FN:31,_callee2
FN:31,_callee2$
FN:62,_callee3
FN:62,_callee3$
FN:71,_callee4
FN:71,_callee4$
FN:104,_callee5
FN:104,_callee5$
FNF:14
FNH:13
FNDA:85,asyncGeneratorStep
FNDA:10,_asyncToGenerator
FNDA:85,_next
FNDA:0,_throw
FNDA:4,_callee
FNDA:13,_callee$
FNDA:17,_callee2
FNDA:81,_callee2$
FNDA:1,_callee3
FNDA:2,_callee3$
FNDA:4,_callee4
FNDA:13,_callee4$
FNDA:1,_callee5
FNDA:3,_callee5$
DA:1,1
DA:2,0
DA:3,1
DA:4,1
DA:5,1
DA:6,1
DA:7,1
DA:8,1
DA:9,4
DA:10,4
DA:11,4
DA:12,4
DA:13,4
DA:14,4
DA:15,3
DA:16,3
DA:17,1
DA:18,2
DA:19,2
DA:20,2
DA:21,2
DA:22,2
DA:23,2
DA:24,2
DA:25,2
DA:26,2
DA:27,2
DA:28,2
DA:29,1
DA:30,1
DA:31,1
DA:32,17
DA:33,17
DA:34,17
DA:35,17
DA:36,17
DA:37,17
DA:38,17
DA:39,17
DA:40,17
DA:41,17
DA:42,16
DA:43,16
DA:44,16
DA:45,1
DA:46,15
DA:47,15
DA:48,15
DA:49,15
DA:50,15
DA:51,15
DA:52,15
DA:53,15
DA:54,15
DA:55,15
DA:56,15
DA:57,15
DA:58,15
DA:59,15
DA:60,1
DA:61,1
DA:62,1
DA:63,1
DA:64,1
DA:65,1
DA:66,1
DA:67,1
DA:68,1
DA:69,1
DA:70,1
DA:71,1
DA:72,4
DA:73,4
DA:74,4
DA:75,4
DA:76,4
DA:77,4
DA:78,4
DA:79,3
DA:80,3
DA:81,0
DA:82,3
DA:83,3
DA:84,3
DA:85,2
DA:86,3
DA:87,3
DA:88,3
DA:89,2
DA:90,2
DA:91,3
DA:92,3
DA:93,3
DA:94,3
DA:95,3
DA:96,3
DA:97,3
DA:98,3
DA:99,3
DA:100,3
DA:101,3
DA:102,1
DA:103,1
DA:104,1
DA:105,1
DA:106,1
DA:107,1
DA:108,1
DA:109,1
DA:110,1
DA:111,1
DA:112,1
DA:113,1
DA:114,1
DA:115,1
DA:116,1
DA:117,1
DA:118,1
DA:119,1
DA:120,1
DA:121,1
DA:122,1
DA:123,1
DA:124,1
DA:125,1
LF:125
LH:123
BRDA:2,0,0,85
BRDA:2,1,0,5
BRDA:2,2,0,80
BRDA:2,3,0,22
BRDA:2,4,0,58
BRDA:2,5,0,10
BRDA:2,6,0,27
BRDA:2,7,0,27
BRDA:2,8,0,85
BRDA:8,9,0,2
BRDA:8,10,0,4
BRDA:8,11,0,13
BRDA:8,12,0,15
BRDA:8,13,0,4
BRDA:14,14,0,3
BRDA:16,15,0,2
BRDA:16,16,0,1
BRDA:17,17,0,2
BRDA:20,18,0,2
BRDA:28,19,0,0
BRDA:28,20,0,4
BRDA:31,21,0,2
BRDA:31,22,0,17
BRDA:31,23,0,81
BRDA:31,24,0,96
BRDA:31,25,0,17
BRDA:41,26,0,16
BRDA:42,27,0,16
BRDA:44,28,0,15
BRDA:44,29,0,1
BRDA:45,30,0,15
BRDA:59,31,0,15
BRDA:59,32,0,0
BRDA:59,33,0,17
BRDA:62,34,0,2
BRDA:62,35,0,1
BRDA:62,36,0,2
BRDA:62,37,0,1
BRDA:68,38,0,0
BRDA:68,39,0,1
BRDA:71,40,0,2
BRDA:71,41,0,4
BRDA:71,42,0,13
BRDA:71,43,0,17
BRDA:71,44,0,4
BRDA:78,45,0,3
BRDA:80,46,0,0
BRDA:81,47,0,3
BRDA:84,48,0,1
BRDA:84,49,0,2
BRDA:85,50,0,2
BRDA:85,51,0,3
BRDA:88,52,0,2
BRDA:101,53,0,0
BRDA:101,54,0,4
BRDA:104,55,0,2
BRDA:104,56,0,1
BRDA:104,57,0,3
BRDA:104,58,0,1
BRDA:116,59,0,1
BRDA:116,60,0,0
BRDA:116,61,0,1
BRF:62
BRH:56
end_of_record
TN:
SF:src/validations/contact-validation.js
FNF:0
FNH:0
DA:1,1
DA:2,1
DA:3,1
DA:4,1
DA:5,1
DA:6,1
DA:7,1
DA:8,1
DA:9,1
DA:10,1
DA:11,1
DA:12,1
DA:13,1
DA:14,1
DA:15,1
LF:15
LH:15
BRF:0
BRH:0
end_of_record
TN:
SF:src/validations/user-validation.js
FNF:0
FNH:0
DA:1,1
DA:2,1
DA:3,1
DA:4,1
DA:5,1
DA:6,1
DA:7,1
DA:8,1
DA:9,1
DA:10,1
DA:11,1
DA:12,1
DA:13,1
DA:14,1
DA:15,1
DA:16,1
DA:17,1
DA:18,1
DA:19,1
DA:20,1
DA:21,1
DA:22,1
DA:23,1
DA:24,1
DA:25,1
DA:26,1
DA:27,1
LF:27
LH:27
BRF:0
BRH:0
end_of_record
TN:
SF:src/validations/validation.js
FN:3,validate
FNF:1
FNH:1
FNDA:33,validate
DA:1,1
DA:2,1
DA:3,1
DA:4,33
DA:5,33
DA:6,33
DA:7,33
DA:8,33
DA:9,33
DA:10,28
DA:11,28
DA:12,1
DA:13,1
DA:14,1
DA:15,1
LF:15
LH:15
BRDA:3,0,0,33
BRDA:9,1,0,5
BRDA:9,2,0,28
BRF:3
BRH:3
end_of_record
