TN:
SF:src/applications/database.js
FNF:0
FNH:0
DA:1,1
DA:2,1
DA:3,1
DA:4,1
DA:5,1
DA:6,1
DA:7,1
DA:8,1
DA:9,1
DA:10,1
DA:11,1
DA:12,1
DA:13,1
DA:14,1
DA:15,1
DA:16,1
DA:17,1
DA:18,1
DA:19,1
DA:20,1
DA:21,1
DA:22,1
DA:23,1
DA:24,1
DA:25,1
DA:26,0
DA:27,1
DA:28,1
DA:29,1
DA:30,0
DA:31,1
DA:32,1
DA:33,1
DA:34,3
DA:35,1
DA:36,1
DA:37,1
DA:38,817
DA:39,1
LF:39
LH:37
BRDA:33,0,0,3
BRDA:37,1,0,817
BRF:2
BRH:2
end_of_record
TN:
SF:src/applications/logging.js
FNF:0
FNH:0
DA:1,1
DA:2,1
DA:3,1
DA:4,1
DA:5,1
DA:6,1
DA:7,1
DA:8,1
DA:9,1
LF:9
LH:9
BRF:0
BRH:0
end_of_record
TN:
SF:src/applications/web.js
FNF:0
FNH:0
DA:1,1
DA:2,1
DA:3,1
DA:4,1
DA:5,1
DA:6,1
DA:7,1
DA:8,1
DA:9,1
DA:10,1
DA:11,1
LF:11
LH:11
BRF:0
BRH:0
end_of_record
TN:
SF:src/controllers/address.controller.js
FN:2,_regeneratorRuntime
FN:3,_callee
FN:3,_callee$
FN:16,_callee2
FN:16,_callee2$
FN:30,_callee3
FN:30,_callee3$
FN:46,_callee4
FN:46,_callee4$
FN:61,_callee5
FN:61,_callee5$
FNF:11
FNH:11
FNDA:3,_regeneratorRuntime
FNDA:4,_callee
FNDA:8,_callee$
FNDA:4,_callee2
FNDA:8,_callee2$
FNDA:5,_callee3
FNDA:10,_callee3$
FNDA:3,_callee4
FNDA:6,_callee4$
FNDA:2,_callee5
FNDA:4,_callee5$
DA:1,1
DA:2,3
DA:3,1
DA:4,4
DA:5,4
DA:6,4
DA:7,4
DA:8,2
DA:9,2
DA:10,2
DA:11,2
DA:12,2
DA:13,1
DA:14,1
DA:15,1
DA:16,1
DA:17,4
DA:18,4
DA:19,4
DA:20,4
DA:21,4
DA:22,1
DA:23,1
DA:24,1
DA:25,3
DA:26,3
DA:27,1
DA:28,1
DA:29,1
DA:30,1
DA:31,5
DA:32,5
DA:33,5
DA:34,5
DA:35,5
DA:36,5
DA:37,5
DA:38,2
DA:39,2
DA:40,2
DA:41,3
DA:42,3
DA:43,1
DA:44,1
DA:45,1
DA:46,1
DA:47,3
DA:48,3
DA:49,3
DA:50,3
DA:51,3
DA:52,3
DA:53,1
DA:54,1
DA:55,1
DA:56,2
DA:57,2
DA:58,1
DA:59,1
DA:60,1
DA:61,1
DA:62,2
DA:63,2
DA:64,2
DA:65,2
DA:66,2
DA:67,1
DA:68,1
DA:69,1
DA:70,1
DA:71,1
DA:72,1
DA:73,1
DA:74,1
DA:75,1
DA:76,1
DA:77,1
DA:78,1
DA:79,1
DA:80,1
DA:81,1
LF:81
LH:81
BRDA:2,0,0,3
BRDA:3,1,0,3
BRDA:3,2,0,4
BRDA:3,3,0,8
BRDA:3,4,0,10
BRDA:3,5,0,4
BRDA:7,6,0,2
BRDA:11,7,0,2
BRDA:16,8,0,3
BRDA:16,9,0,4
BRDA:16,10,0,8
BRDA:16,11,0,9
BRDA:16,12,0,4
BRDA:21,13,0,1
BRDA:25,14,0,3
BRDA:30,15,0,3
BRDA:30,16,0,5
BRDA:30,17,0,10
BRDA:30,18,0,12
BRDA:30,19,0,5
BRDA:37,20,0,2
BRDA:41,21,0,3
BRDA:46,22,0,3
BRDA:46,23,0,3
BRDA:46,24,0,6
BRDA:46,25,0,7
BRDA:46,26,0,3
BRDA:52,27,0,1
BRDA:56,28,0,2
BRDA:61,29,0,3
BRDA:61,30,0,2
BRDA:61,31,0,4
BRDA:61,32,0,5
BRDA:61,33,0,2
BRDA:66,34,0,1
BRDA:70,35,0,1
BRF:36
BRH:36
end_of_record
TN:
SF:src/controllers/contact-controller.js
FN:2,_regeneratorRuntime
FN:3,_callee
FN:3,_callee$
FN:15,_callee2
FN:15,_callee2$
FN:27,_callee3
FN:27,_callee3$
FN:42,_callee4
FN:42,_callee4$
FN:55,_callee5
FN:55,_callee5$
FNF:11
FNH:11
FNDA:3,_regeneratorRuntime
FNDA:3,_callee
FNDA:6,_callee$
FNDA:3,_callee2
FNDA:6,_callee2$
FNDA:4,_callee3
FNDA:8,_callee3$
FNDA:2,_callee4
FNDA:4,_callee4$
FNDA:6,_callee5
FNDA:12,_callee5$
DA:1,1
DA:2,3
DA:3,1
DA:4,3
DA:5,3
DA:6,3
DA:7,2
DA:8,2
DA:9,2
DA:10,1
DA:11,1
DA:12,1
DA:13,1
DA:14,1
DA:15,1
DA:16,3
DA:17,3
DA:18,3
DA:19,1
DA:20,1
DA:21,1
DA:22,2
DA:23,2
DA:24,1
DA:25,1
DA:26,1
DA:27,1
DA:28,4
DA:29,4
DA:30,4
DA:31,4
DA:32,4
DA:33,4
DA:34,2
DA:35,2
DA:36,2
DA:37,2
DA:38,2
DA:39,1
DA:40,1
DA:41,1
DA:42,1
DA:43,2
DA:44,2
DA:45,2
DA:46,2
DA:47,1
DA:48,1
DA:49,1
DA:50,1
DA:51,1
DA:52,1
DA:53,1
DA:54,1
DA:55,1
DA:56,6
DA:57,6
DA:58,6
DA:59,6
DA:60,6
DA:61,6
DA:62,6
DA:63,6
DA:64,6
DA:65,6
DA:66,6
DA:67,5
DA:68,5
DA:69,5
DA:70,5
DA:71,1
DA:72,1
DA:73,1
DA:74,1
DA:75,1
DA:76,1
DA:77,1
DA:78,1
DA:79,1
DA:80,1
DA:81,1
DA:82,1
LF:82
LH:82
BRDA:2,0,0,3
BRDA:3,1,0,3
BRDA:3,2,0,3
BRDA:3,3,0,6
BRDA:3,4,0,8
BRDA:3,5,0,3
BRDA:6,6,0,2
BRDA:10,7,0,1
BRDA:15,8,0,3
BRDA:15,9,0,3
BRDA:15,10,0,6
BRDA:15,11,0,7
BRDA:15,12,0,3
BRDA:18,13,0,1
BRDA:22,14,0,2
BRDA:27,15,0,3
BRDA:27,16,0,4
BRDA:27,17,0,8
BRDA:27,18,0,10
BRDA:27,19,0,4
BRDA:33,20,0,2
BRDA:37,21,0,2
BRDA:42,22,0,3
BRDA:42,23,0,2
BRDA:42,24,0,4
BRDA:42,25,0,5
BRDA:42,26,0,2
BRDA:46,27,0,1
BRDA:50,28,0,1
BRDA:55,29,0,3
BRDA:55,30,0,6
BRDA:55,31,0,12
BRDA:55,32,0,17
BRDA:55,33,0,6
BRDA:66,34,0,5
BRDA:71,35,0,1
BRF:36
BRH:36
end_of_record
TN:
SF:src/controllers/user-controller.js
FN:2,_regeneratorRuntime
FN:3,_callee
FN:3,_callee$
FN:14,_callee2
FN:14,_callee2$
FN:25,_callee3
FN:25,_callee3$
FN:37,_callee4
FN:37,_callee4$
FN:52,_callee5
FN:52,_callee5$
FNF:11
FNH:11
FNDA:3,_regeneratorRuntime
FNDA:4,_callee
FNDA:8,_callee$
FNDA:49,_callee2
FNDA:98,_callee2$
FNDA:1,_callee3
FNDA:2,_callee3$
FNDA:4,_callee4
FNDA:8,_callee4$
FNDA:1,_callee5
FNDA:2,_callee5$
DA:1,1
DA:2,3
DA:3,1
DA:4,4
DA:5,4
DA:6,2
DA:7,2
DA:8,2
DA:9,2
DA:10,2
DA:11,1
DA:12,1
DA:13,1
DA:14,1
DA:15,49
DA:16,49
DA:17,47
DA:18,47
DA:19,47
DA:20,2
DA:21,2
DA:22,1
DA:23,1
DA:24,1
DA:25,1
DA:26,1
DA:27,1
DA:28,1
DA:29,1
DA:30,1
DA:31,1
DA:32,0
DA:33,0
DA:34,1
DA:35,1
DA:36,1
DA:37,1
DA:38,4
DA:39,4
DA:40,4
DA:41,4
DA:42,4
DA:43,4
DA:44,3
DA:45,3
DA:46,3
DA:47,1
DA:48,1
DA:49,1
DA:50,1
DA:51,1
DA:52,1
DA:53,1
DA:54,1
DA:55,1
DA:56,1
DA:57,1
DA:58,0
DA:59,0
DA:60,1
DA:61,1
DA:62,1
DA:63,1
DA:64,1
DA:65,1
DA:66,1
DA:67,1
DA:68,1
DA:69,1
LF:69
LH:65
BRDA:2,0,0,3
BRDA:3,1,0,3
BRDA:3,2,0,4
BRDA:3,3,0,8
BRDA:3,4,0,10
BRDA:3,5,0,4
BRDA:5,6,0,2
BRDA:9,7,0,2
BRDA:14,8,0,3
BRDA:14,9,0,49
BRDA:14,10,0,98
BRDA:14,11,0,145
BRDA:14,12,0,49
BRDA:16,13,0,47
BRDA:20,14,0,2
BRDA:25,15,0,3
BRDA:25,16,0,1
BRDA:25,17,0,2
BRDA:25,18,0,3
BRDA:25,19,0,1
BRDA:28,20,0,1
BRDA:32,21,0,0
BRDA:37,22,0,3
BRDA:37,23,0,4
BRDA:37,24,0,8
BRDA:37,25,0,11
BRDA:37,26,0,4
BRDA:43,27,0,3
BRDA:47,28,0,1
BRDA:52,29,0,3
BRDA:52,30,0,1
BRDA:52,31,0,2
BRDA:52,32,0,3
BRDA:52,33,0,1
BRDA:54,34,0,1
BRDA:58,35,0,0
BRF:36
BRH:34
end_of_record
TN:
SF:src/errors/response-error.js
FN:2,ResponseError
FNF:1
FNH:1
FNDA:24,ResponseError
DA:1,1
DA:2,4
DA:3,24
DA:4,24
DA:5,24
DA:6,1
DA:7,1
DA:8,1
DA:9,1
DA:10,1
LF:10
LH:10
BRDA:1,0,0,4
BRDA:2,1,0,24
BRF:2
BRH:2
end_of_record
TN:
SF:src/middleware/auth-middleware.js
FN:2,_regeneratorRuntime
FN:3,_callee
FN:3,_callee$
FNF:3
FNH:3
FNDA:3,_regeneratorRuntime
FNDA:56,_callee
FNDA:117,_callee$
DA:1,1
DA:2,3
DA:3,1
DA:4,56
DA:5,56
DA:6,9
DA:7,9
DA:8,9
DA:9,47
DA:10,47
DA:11,47
DA:12,47
DA:13,47
DA:14,47
DA:15,47
DA:16,47
DA:17,5
DA:18,5
DA:19,5
DA:20,42
DA:21,42
DA:22,42
DA:23,42
DA:24,1
DA:25,1
LF:25
LH:25
BRDA:2,0,0,3
BRDA:3,1,0,3
BRDA:3,2,0,56
BRDA:3,3,0,117
BRDA:3,4,0,206
BRDA:3,5,0,56
BRDA:5,6,0,47
BRDA:5,7,0,9
BRDA:8,8,0,47
BRDA:14,9,0,47
BRDA:16,10,0,42
BRDA:16,11,0,5
BRDA:19,12,0,42
BRF:13
BRH:13
end_of_record
TN:
SF:src/middleware/error-middleware.js
FN:3,errorMiddleware
FNF:1
FNH:1
FNDA:26,errorMiddleware
DA:1,1
DA:2,1
DA:3,1
DA:4,26
DA:5,25
DA:6,24
DA:7,24
DA:8,24
DA:9,24
DA:10,1
DA:11,1
DA:12,1
DA:13,1
DA:14,25
DA:15,1
DA:16,1
DA:17,1
DA:18,1
DA:19,1
DA:20,1
DA:21,1
LF:21
LH:21
BRDA:3,0,0,26
BRDA:4,1,0,25
BRDA:5,2,0,24
BRDA:9,3,0,1
BRDA:14,4,0,1
BRF:5
BRH:5
end_of_record
TN:
SF:src/routes/api.js
FNF:0
FNH:0
DA:1,1
DA:2,1
DA:3,1
DA:4,1
DA:5,1
DA:6,1
DA:7,1
DA:8,1
DA:9,1
DA:10,1
DA:11,1
DA:12,1
DA:13,1
DA:14,1
DA:15,1
DA:16,1
DA:17,1
DA:18,1
DA:19,1
DA:20,1
DA:21,1
DA:22,1
DA:23,1
DA:24,1
DA:25,1
DA:26,1
DA:27,1
DA:28,1
DA:29,1
DA:30,1
DA:31,1
LF:31
LH:31
BRF:0
BRH:0
end_of_record
TN:
SF:src/routes/public-api.js
FNF:0
FNH:0
DA:1,1
DA:2,1
DA:3,1
DA:4,1
DA:5,1
DA:6,1
DA:7,1
DA:8,1
DA:9,1
DA:10,1
LF:10
LH:10
BRF:0
BRH:0
end_of_record
TN:
SF:src/services/address-service.js
FN:2,asyncGeneratorStep
FN:2,_asyncToGenerator
FN:2,_next
FN:2,_throw
FN:7,_callee
FN:7,_callee$
FN:24,_callee2
FN:24,_callee2$
FN:42,_callee3
FN:42,_callee3$
FN:70,_callee4
FN:70,_callee4$
FN:109,_callee5
FN:109,_callee5$
FN:138,_callee6
FN:138,_callee6$
FNF:16
FNH:16
FNDA:78,asyncGeneratorStep
FNDA:18,_asyncToGenerator
FNDA:72,_next
FNDA:6,_throw
FNDA:18,_callee
FNDA:53,_callee$
FNDA:4,_callee2
FNDA:11,_callee2$
FNDA:4,_callee3
FNDA:12,_callee3$
FNDA:5,_callee4
FNDA:17,_callee4$
FNDA:3,_callee5
FNDA:10,_callee5$
FNDA:2,_callee6
FNDA:5,_callee6$
DA:1,1
DA:2,6
DA:3,1
DA:4,1
DA:5,1
DA:6,1
DA:7,1
DA:8,18
DA:9,18
DA:10,18
DA:11,18
DA:12,18
DA:13,18
DA:14,18
DA:15,18
DA:16,17
DA:17,17
DA:18,5
DA:19,12
DA:20,12
DA:21,12
DA:22,1
DA:23,1
DA:24,1
DA:25,4
DA:26,3
DA:27,3
DA:28,3
DA:29,3
DA:30,3
DA:31,3
DA:32,3
DA:33,3
DA:34,3
DA:35,3
DA:36,3
DA:37,3
DA:38,3
DA:39,3
DA:40,1
DA:41,1
DA:42,1
DA:43,4
DA:44,2
DA:45,2
DA:46,2
DA:47,2
DA:48,2
DA:49,2
DA:50,2
DA:51,2
DA:52,2
DA:53,2
DA:54,2
DA:55,2
DA:56,2
DA:57,2
DA:58,2
DA:59,2
DA:60,2
DA:61,2
DA:62,2
DA:63,2
DA:64,1
DA:65,1
DA:66,1
DA:67,1
DA:68,1
DA:69,1
DA:70,1
DA:71,5
DA:72,5
DA:73,4
DA:74,4
DA:75,4
DA:76,4
DA:77,4
DA:78,4
DA:79,4
DA:80,4
DA:81,4
DA:82,4
DA:83,4
DA:84,3
DA:85,3
DA:86,1
DA:87,2
DA:88,2
DA:89,2
DA:90,2
DA:91,2
DA:92,2
DA:93,2
DA:94,2
DA:95,2
DA:96,2
DA:97,2
DA:98,2
DA:99,2
DA:100,2
DA:101,2
DA:102,2
DA:103,2
DA:104,2
DA:105,2
DA:106,2
DA:107,1
DA:108,1
DA:109,1
DA:110,3
DA:111,2
DA:112,2
DA:113,2
DA:114,2
DA:115,2
DA:116,2
DA:117,2
DA:118,2
DA:119,2
DA:120,2
DA:121,2
DA:122,2
DA:123,2
DA:124,1
DA:125,1
DA:126,1
DA:127,1
DA:128,1
DA:129,1
DA:130,1
DA:131,1
DA:132,1
DA:133,1
DA:134,1
DA:135,1
DA:136,1
DA:137,1
DA:138,1
DA:139,2
DA:140,1
DA:141,1
DA:142,1
DA:143,1
DA:144,1
DA:145,1
DA:146,1
DA:147,1
DA:148,1
DA:149,1
DA:150,1
DA:151,1
DA:152,1
DA:153,1
DA:154,1
DA:155,1
DA:156,1
DA:157,1
DA:158,1
DA:159,1
DA:160,1
DA:161,1
DA:162,1
DA:163,1
DA:164,1
DA:165,1
LF:165
LH:165
BRDA:2,0,0,78
BRDA:2,1,0,17
BRDA:2,2,0,61
BRDA:2,3,0,19
BRDA:2,4,0,42
BRDA:2,5,0,18
BRDA:2,6,0,36
BRDA:2,7,0,36
BRDA:2,8,0,72
BRDA:2,9,0,6
BRDA:7,10,0,3
BRDA:7,11,0,18
BRDA:7,12,0,53
BRDA:7,13,0,65
BRDA:7,14,0,18
BRDA:15,15,0,17
BRDA:17,16,0,12
BRDA:17,17,0,5
BRDA:18,18,0,12
BRDA:21,19,0,0
BRDA:21,20,0,18
BRDA:24,21,0,3
BRDA:24,22,0,4
BRDA:24,23,0,11
BRDA:24,24,0,4
BRDA:25,25,0,3
BRDA:42,26,0,3
BRDA:42,27,0,4
BRDA:42,28,0,12
BRDA:42,29,0,13
BRDA:42,30,0,4
BRDA:43,31,0,2
BRDA:61,32,0,2
BRDA:63,33,0,1
BRDA:64,34,0,1
BRDA:67,35,0,0
BRDA:67,36,0,4
BRDA:70,37,0,3
BRDA:70,38,0,5
BRDA:70,39,0,17
BRDA:70,40,0,19
BRDA:70,41,0,5
BRDA:72,42,0,4
BRDA:83,43,0,3
BRDA:85,44,0,2
BRDA:85,45,0,1
BRDA:86,46,0,2
BRDA:106,47,0,0
BRDA:106,48,0,5
BRDA:109,49,0,3
BRDA:109,50,0,3
BRDA:109,51,0,10
BRDA:109,52,0,11
BRDA:109,53,0,3
BRDA:110,54,0,2
BRDA:121,55,0,2
BRDA:123,56,0,1
BRDA:124,57,0,1
BRDA:138,58,0,3
BRDA:138,59,0,2
BRDA:138,60,0,5
BRDA:138,61,0,2
BRDA:139,62,0,1
BRF:63
BRH:60
end_of_record
TN:
SF:src/services/contact-service.js
FN:2,asyncGeneratorStep
FN:2,_asyncToGenerator
FN:2,_next
FN:2,_throw
FN:6,_callee
FN:6,_callee$
FN:22,_callee2
FN:22,_callee2$
FN:43,_callee3
FN:43,_callee3$
FN:72,_callee4
FN:72,_callee4$
FN:94,_callee5
FN:94,_callee5$
FNF:14
FNH:13
FNDA:35,asyncGeneratorStep
FNDA:15,_asyncToGenerator
FNDA:35,_next
FNDA:0,_throw
FNDA:3,_callee
FNDA:6,_callee$
FNDA:3,_callee2
FNDA:8,_callee2$
FNDA:4,_callee3
FNDA:11,_callee3$
FNDA:2,_callee4
FNDA:6,_callee4$
FNDA:6,_callee5
FNDA:22,_callee5$
DA:1,1
DA:2,0
DA:3,1
DA:4,1
DA:5,1
DA:6,1
DA:7,3
DA:8,3
DA:9,3
DA:10,3
DA:11,3
DA:12,3
DA:13,3
DA:14,3
DA:15,3
DA:16,3
DA:17,3
DA:18,3
DA:19,3
DA:20,1
DA:21,1
DA:22,1
DA:23,3
DA:24,3
DA:25,3
DA:26,3
DA:27,3
DA:28,3
DA:29,3
DA:30,3
DA:31,3
DA:32,3
DA:33,3
DA:34,3
DA:35,3
DA:36,3
DA:37,2
DA:38,2
DA:39,1
DA:40,1
DA:41,1
DA:42,1
DA:43,1
DA:44,4
DA:45,4
DA:46,4
DA:47,4
DA:48,4
DA:49,4
DA:50,4
DA:51,3
DA:52,3
DA:53,1
DA:54,2
DA:55,2
DA:56,2
DA:57,2
DA:58,2
DA:59,2
DA:60,2
DA:61,2
DA:62,2
DA:63,2
DA:64,2
DA:65,2
DA:66,2
DA:67,2
DA:68,2
DA:69,2
DA:70,1
DA:71,1
DA:72,1
DA:73,2
DA:74,2
DA:75,2
DA:76,2
DA:77,2
DA:78,2
DA:79,2
DA:80,2
DA:81,2
DA:82,2
DA:83,1
DA:84,1
DA:85,1
DA:86,1
DA:87,1
DA:88,1
DA:89,1
DA:90,1
DA:91,1
DA:92,1
DA:93,1
DA:94,1
DA:95,6
DA:96,6
DA:97,6
DA:98,6
DA:99,6
DA:100,1
DA:101,1
DA:102,1
DA:103,1
DA:104,1
DA:105,1
DA:106,1
DA:107,5
DA:108,6
DA:109,1
DA:110,1
DA:111,1
DA:112,1
DA:113,5
DA:114,6
DA:115,1
DA:116,1
DA:117,1
DA:118,1
DA:119,5
DA:120,5
DA:121,5
DA:122,5
DA:123,5
DA:124,5
DA:125,5
DA:126,5
DA:127,5
DA:128,5
DA:129,5
DA:130,5
DA:131,5
DA:132,5
DA:133,5
DA:134,5
DA:135,5
DA:136,5
DA:137,5
DA:138,5
DA:139,5
DA:140,5
DA:141,5
DA:142,5
DA:143,5
DA:144,1
DA:145,1
DA:146,1
DA:147,1
DA:148,1
DA:149,1
DA:150,1
DA:151,1
DA:152,1
LF:152
LH:151
BRDA:2,0,0,35
BRDA:2,1,0,7
BRDA:2,2,0,28
BRDA:2,3,0,11
BRDA:2,4,0,17
BRDA:2,5,0,15
BRDA:2,6,0,18
BRDA:2,7,0,18
BRDA:2,8,0,35
BRDA:6,9,0,3
BRDA:6,10,0,3
BRDA:6,11,0,6
BRDA:6,12,0,3
BRDA:22,13,0,3
BRDA:22,14,0,3
BRDA:22,15,0,8
BRDA:22,16,0,9
BRDA:22,17,0,3
BRDA:36,18,0,2
BRDA:38,19,0,1
BRDA:38,20,0,1
BRDA:40,21,0,0
BRDA:40,22,0,3
BRDA:43,23,0,3
BRDA:43,24,0,4
BRDA:43,25,0,11
BRDA:43,26,0,13
BRDA:43,27,0,4
BRDA:50,28,0,3
BRDA:52,29,0,2
BRDA:52,30,0,1
BRDA:53,31,0,2
BRDA:72,32,0,3
BRDA:72,33,0,2
BRDA:72,34,0,6
BRDA:72,35,0,7
BRDA:72,36,0,2
BRDA:80,37,0,2
BRDA:82,38,0,1
BRDA:83,39,0,1
BRDA:94,40,0,3
BRDA:94,41,0,6
BRDA:94,42,0,22
BRDA:94,43,0,6
BRDA:99,44,0,1
BRDA:106,45,0,5
BRDA:108,46,0,1
BRDA:112,47,0,5
BRDA:114,48,0,1
BRDA:118,49,0,5
BRDA:127,50,0,5
BRDA:134,51,0,5
BRF:52
BRH:51
end_of_record
TN:
SF:src/services/user-service.js
FN:2,asyncGeneratorStep
FN:2,_asyncToGenerator
FN:2,_next
FN:2,_throw
FN:8,_callee
FN:8,_callee$
FN:31,_callee2
FN:31,_callee2$
FN:62,_callee3
FN:62,_callee3$
FN:75,_callee4
FN:75,_callee4$
FN:108,_callee5
FN:108,_callee5$
FNF:14
FNH:13
FNDA:213,asyncGeneratorStep
FNDA:15,_asyncToGenerator
FNDA:213,_next
FNDA:0,_throw
FNDA:4,_callee
FNDA:13,_callee$
FNDA:49,_callee2
FNDA:241,_callee2$
FNDA:1,_callee3
FNDA:2,_callee3$
FNDA:4,_callee4
FNDA:13,_callee4$
FNDA:1,_callee5
FNDA:3,_callee5$
DA:1,1
DA:2,0
DA:3,1
DA:4,1
DA:5,1
DA:6,1
DA:7,1
DA:8,1
DA:9,4
DA:10,4
DA:11,4
DA:12,4
DA:13,4
DA:14,4
DA:15,3
DA:16,3
DA:17,1
DA:18,2
DA:19,2
DA:20,2
DA:21,2
DA:22,2
DA:23,2
DA:24,2
DA:25,2
DA:26,2
DA:27,2
DA:28,2
DA:29,1
DA:30,1
DA:31,1
DA:32,49
DA:33,49
DA:34,49
DA:35,49
DA:36,49
DA:37,49
DA:38,49
DA:39,49
DA:40,49
DA:41,49
DA:42,48
DA:43,48
DA:44,48
DA:45,1
DA:46,47
DA:47,47
DA:48,47
DA:49,47
DA:50,47
DA:51,47
DA:52,47
DA:53,47
DA:54,47
DA:55,47
DA:56,47
DA:57,47
DA:58,47
DA:59,47
DA:60,1
DA:61,1
DA:62,1
DA:63,1
DA:64,1
DA:65,1
DA:66,1
DA:67,1
DA:68,1
DA:69,1
DA:70,1
DA:71,1
DA:72,1
DA:73,1
DA:74,1
DA:75,1
DA:76,4
DA:77,4
DA:78,4
DA:79,4
DA:80,4
DA:81,4
DA:82,4
DA:83,3
DA:84,3
DA:85,0
DA:86,3
DA:87,3
DA:88,3
DA:89,2
DA:90,3
DA:91,3
DA:92,3
DA:93,2
DA:94,2
DA:95,3
DA:96,3
DA:97,3
DA:98,3
DA:99,3
DA:100,3
DA:101,3
DA:102,3
DA:103,3
DA:104,3
DA:105,3
DA:106,1
DA:107,1
DA:108,1
DA:109,1
DA:110,1
DA:111,1
DA:112,1
DA:113,1
DA:114,1
DA:115,1
DA:116,1
DA:117,1
DA:118,1
DA:119,1
DA:120,1
DA:121,1
DA:122,1
DA:123,1
DA:124,1
DA:125,1
DA:126,1
DA:127,1
DA:128,1
DA:129,1
LF:129
LH:127
BRDA:2,0,0,213
BRDA:2,1,0,5
BRDA:2,2,0,208
BRDA:2,3,0,54
BRDA:2,4,0,154
BRDA:2,5,0,15
BRDA:2,6,0,59
BRDA:2,7,0,59
BRDA:2,8,0,213
BRDA:8,9,0,3
BRDA:8,10,0,4
BRDA:8,11,0,13
BRDA:8,12,0,15
BRDA:8,13,0,4
BRDA:14,14,0,3
BRDA:16,15,0,2
BRDA:16,16,0,1
BRDA:17,17,0,2
BRDA:20,18,0,2
BRDA:28,19,0,0
BRDA:28,20,0,4
BRDA:31,21,0,3
BRDA:31,22,0,49
BRDA:31,23,0,241
BRDA:31,24,0,288
BRDA:31,25,0,49
BRDA:41,26,0,48
BRDA:42,27,0,48
BRDA:44,28,0,47
BRDA:44,29,0,1
BRDA:45,30,0,47
BRDA:59,31,0,47
BRDA:59,32,0,0
BRDA:59,33,0,49
BRDA:62,34,0,3
BRDA:62,35,0,1
BRDA:62,36,0,2
BRDA:62,37,0,1
BRDA:72,38,0,0
BRDA:72,39,0,1
BRDA:75,40,0,3
BRDA:75,41,0,4
BRDA:75,42,0,13
BRDA:75,43,0,17
BRDA:75,44,0,4
BRDA:82,45,0,3
BRDA:84,46,0,0
BRDA:85,47,0,3
BRDA:88,48,0,1
BRDA:88,49,0,2
BRDA:89,50,0,2
BRDA:89,51,0,3
BRDA:92,52,0,2
BRDA:105,53,0,0
BRDA:105,54,0,4
BRDA:108,55,0,3
BRDA:108,56,0,1
BRDA:108,57,0,3
BRDA:108,58,0,1
BRDA:120,59,0,1
BRDA:120,60,0,0
BRDA:120,61,0,1
BRF:62
BRH:56
end_of_record
TN:
SF:src/validations/address-validation.js
FNF:0
FNH:0
DA:1,1
DA:2,1
DA:3,1
DA:4,1
DA:5,1
DA:6,1
DA:7,1
DA:8,1
DA:9,1
DA:10,1
DA:11,1
DA:12,1
DA:13,1
DA:14,1
DA:15,1
DA:16,1
DA:17,1
DA:18,1
DA:19,1
DA:20,1
DA:21,1
DA:22,1
DA:23,1
DA:24,1
DA:25,1
DA:26,1
LF:26
LH:26
BRF:0
BRH:0
end_of_record
TN:
SF:src/validations/contact-validation.js
FNF:0
FNH:0
DA:1,1
DA:2,1
DA:3,1
DA:4,1
DA:5,1
DA:6,1
DA:7,1
DA:8,1
DA:9,1
DA:10,1
DA:11,1
DA:12,1
DA:13,1
DA:14,1
DA:15,1
DA:16,1
DA:17,1
DA:18,1
DA:19,1
DA:20,1
DA:21,1
DA:22,1
DA:23,1
DA:24,1
DA:25,1
DA:26,1
DA:27,1
DA:28,1
DA:29,1
DA:30,1
DA:31,1
DA:32,1
DA:33,1
LF:33
LH:33
BRF:0
BRH:0
end_of_record
TN:
SF:src/validations/user-validation.js
FNF:0
FNH:0
DA:1,1
DA:2,1
DA:3,1
DA:4,1
DA:5,1
DA:6,1
DA:7,1
DA:8,1
DA:9,1
DA:10,1
DA:11,1
DA:12,1
DA:13,1
DA:14,1
DA:15,1
DA:16,1
DA:17,1
DA:18,1
DA:19,1
DA:20,1
DA:21,1
DA:22,1
DA:23,1
DA:24,1
DA:25,1
DA:26,1
DA:27,1
LF:27
LH:27
BRF:0
BRH:0
end_of_record
TN:
SF:src/validations/validation.js
FN:3,validate
FNF:1
FNH:1
FNDA:111,validate
DA:1,1
DA:2,1
DA:3,1
DA:4,111
DA:5,111
DA:6,111
DA:7,111
DA:8,111
DA:9,111
DA:10,101
DA:11,101
DA:12,1
DA:13,1
DA:14,1
DA:15,1
LF:15
LH:15
BRDA:3,0,0,111
BRDA:9,1,0,10
BRDA:9,2,0,101
BRF:3
BRH:3
end_of_record
